#
# A fatal error has been detected by the Java Runtime Environment:
#
#  EXCEPTION_ACCESS_VIOLATION (0xc0000005) at pc=0x00007ff95cbd862d, pid=8744, tid=0x0000000000001d7c
#
# JRE version: Java(TM) SE Runtime Environment (8.0_121-b13) (build 1.8.0_121-b13)
# Java VM: Java HotSpot(TM) 64-Bit Server VM (25.121-b13 mixed mode windows-amd64 compressed oops)
# Problematic frame:
# C  [lwjgl_opengl.dll+0x862d]
#
# Failed to write core dump. Minidumps are not enabled by default on client versions of Windows
#
# If you would like to submit a bug report, please visit:
#   http://bugreport.java.com/bugreport/crash.jsp
# The crash happened outside the Java Virtual Machine in native code.
# See problematic frame for where to report the bug.
#

---------------  T H R E A D  ---------------

Current thread (0x00000000028c3800):  JavaThread "main" [_thread_in_native, id=7548, stack(0x0000000001020000,0x0000000001120000)]

siginfo: ExceptionCode=0xc0000005, reading address 0x0000000000000f18

Registers:
RAX=0x000000005e1afd50, RBX=0x0000000014b11390, RCX=0x0000000000000001, RDX=0x00000000177e809c
RSP=0x000000000111f238, RBP=0x000000000111f2b8, RSI=0x0000000000000b30, RDI=0x0000000002a77e70
R8 =0x0000000000000001, R9 =0x00000000177e809c, R10=0x0000000000000000, R11=0x000000005dc3b820
R12=0x0000000000000000, R13=0x0000000014b11390, R14=0x000000000111f2e8, R15=0x00000000028c3800
RIP=0x00007ff95cbd862d, EFLAGS=0x0000000000010206

Top of Stack: (sp=0x000000000111f238)
0x000000000111f238:   0000000002a87f74 0000000002a77e70
0x000000000111f248:   0000000002a87ceb 00000000028c3800
0x000000000111f258:   0000000014b11390 0000000000000b30
0x000000000111f268:   00000000028c3800 0000000002a87ca2
0x000000000111f278:   000000000111f278 0000000014b11390
0x000000000111f288:   000000000111f2e8 0000000014b19fb8
0x000000000111f298:   0000000000000000 0000000014b11390
0x000000000111f2a8:   0000000000000000 000000000111f2d8
0x000000000111f2b8:   000000000111f330 0000000002a7835d
0x000000000111f2c8:   00000000ef2918f8 0000000002a819d8
0x000000000111f2d8:   00000000177e809c 00000000ef65e320
0x000000000111f2e8:   0000000000000001 000000000111f2f0
0x000000000111f2f8:   0000000014b114e4 000000000111f360
0x000000000111f308:   0000000014b19fb8 0000000000000000
0x000000000111f318:   0000000014b11548 000000000111f2d8
0x000000000111f328:   000000000111f368 000000000111f3b0 

Instructions: (pc=0x00007ff95cbd862d)
0x00007ff95cbd860d:   49 ff a2 f0 09 00 00 cc cc cc cc cc cc cc cc cc
0x00007ff95cbd861d:   cc cc cc 48 8b 01 49 8b d1 41 8b c8 4c 8b 50 18
0x00007ff95cbd862d:   49 ff a2 18 0f 00 00 cc cc cc cc cc cc cc cc cc
0x00007ff95cbd863d:   cc cc cc 48 8b 01 48 8b 48 18 48 8b 81 c0 1b 00 


Register to memory mapping:

RAX=0x000000005e1afd50 is an unknown value
RBX={method} {0x0000000014b11398} 'nglGenVertexArrays' '(IJ)V' in 'org/lwjgl/opengl/GL30'
RCX=0x0000000000000001 is an unknown value
RDX=0x00000000177e809c is an unknown value
RSP=0x000000000111f238 is pointing into the stack for thread: 0x00000000028c3800
RBP=0x000000000111f2b8 is pointing into the stack for thread: 0x00000000028c3800
RSI=0x0000000000000b30 is an unknown value
RDI=0x0000000002a77e70 is at code_begin+1040 in an Interpreter codelet
invoke return entry points  [0x0000000002a77a60, 0x0000000002a78440]  2528 bytes
R8 =0x0000000000000001 is an unknown value
R9 =0x00000000177e809c is an unknown value
R10=0x0000000000000000 is an unknown value
R11=0x000000005dc3b820 is an unknown value
R12=0x0000000000000000 is an unknown value
R13={method} {0x0000000014b11398} 'nglGenVertexArrays' '(IJ)V' in 'org/lwjgl/opengl/GL30'
R14=0x000000000111f2e8 is pointing into the stack for thread: 0x00000000028c3800
R15=0x00000000028c3800 is a thread


Stack: [0x0000000001020000,0x0000000001120000],  sp=0x000000000111f238,  free space=1020k
Native frames: (J=compiled Java code, j=interpreted, Vv=VM code, C=native code)
C  [lwjgl_opengl.dll+0x862d]

Java frames: (J=compiled Java code, j=interpreted, Vv=VM code)
j  org.lwjgl.opengl.GL30.nglGenVertexArrays(IJ)V+0
j  org.lwjgl.opengl.GL30.glGenVertexArrays()I+20
j  c2g2.engine.graph.Mesh.setMesh([F[F[F[I)V+114
j  c2g2.engine.graph.Mesh.<init>([F[F[F[I)V+10
j  c2g2.engine.graph.OBJLoader.loadMesh(Ljava/lang/String;)Lc2g2/engine/graph/Mesh;+728
j  c2g2.engine.graph.OBJLoader.main([Ljava/lang/String;)V+10
v  ~StubRoutines::call_stub

---------------  P R O C E S S  ---------------

Java Threads: ( => current thread )
  0x0000000016a23800 JavaThread "Service Thread" daemon [_thread_blocked, id=4528, stack(0x0000000016dd0000,0x0000000016ed0000)]
  0x0000000015096800 JavaThread "C1 CompilerThread2" daemon [_thread_blocked, id=6516, stack(0x00000000168d0000,0x00000000169d0000)]
  0x0000000015095000 JavaThread "C2 CompilerThread1" daemon [_thread_blocked, id=956, stack(0x00000000167d0000,0x00000000168d0000)]
  0x0000000015090000 JavaThread "C2 CompilerThread0" daemon [_thread_blocked, id=9884, stack(0x00000000166d0000,0x00000000167d0000)]
  0x000000001508e000 JavaThread "Attach Listener" daemon [_thread_blocked, id=11644, stack(0x00000000165d0000,0x00000000166d0000)]
  0x000000001508d000 JavaThread "Signal Dispatcher" daemon [_thread_blocked, id=1928, stack(0x00000000164d0000,0x00000000165d0000)]
  0x00000000029bd800 JavaThread "Finalizer" daemon [_thread_blocked, id=6340, stack(0x00000000162e0000,0x00000000163e0000)]
  0x00000000029b4000 JavaThread "Reference Handler" daemon [_thread_blocked, id=3556, stack(0x00000000161e0000,0x00000000162e0000)]
=>0x00000000028c3800 JavaThread "main" [_thread_in_native, id=7548, stack(0x0000000001020000,0x0000000001120000)]

Other Threads:
  0x0000000015057800 VMThread [stack: 0x00000000160e0000,0x00000000161e0000] [id=4744]
  0x0000000016a27800 WatcherThread [stack: 0x0000000016ed0000,0x0000000016fd0000] [id=7100]

VM state:not at safepoint (normal execution)

VM Mutex/Monitor currently owned by a thread: None

Heap:
 PSYoungGen      total 132096K, used 75804K [0x00000000eb100000, 0x00000000f3900000, 0x0000000100000000)
  eden space 129536K, 56% used [0x00000000eb100000,0x00000000ef8b6858,0x00000000f2f80000)
  from space 2560K, 92% used [0x00000000f3500000,0x00000000f37507b8,0x00000000f3780000)
  to   space 1536K, 0% used [0x00000000f3780000,0x00000000f3780000,0x00000000f3900000)
 ParOldGen       total 44032K, used 7064K [0x00000000c1200000, 0x00000000c3d00000, 0x00000000eb100000)
  object space 44032K, 16% used [0x00000000c1200000,0x00000000c18e62e0,0x00000000c3d00000)
 Metaspace       used 5477K, capacity 5640K, committed 5888K, reserved 1056768K
  class space    used 593K, capacity 666K, committed 768K, reserved 1048576K

Card table byte_map: [0x0000000011e30000,0x0000000012030000] byte_map_base: 0x0000000011827000

Marking Bits: (ParMarkBitMap*) 0x000000005e22b6d0
 Begin Bits: [0x0000000012580000, 0x0000000013538000)
 End Bits:   [0x0000000013538000, 0x00000000144f0000)

Polling page: 0x0000000000bd0000

CodeCache: size=245760Kb used=3908Kb max_used=3915Kb free=241851Kb
 bounds [0x0000000002a70000, 0x0000000002e50000, 0x0000000011a70000]
 total_blobs=1111 nmethods=774 adapters=250
 compilation: enabled

Compilation events (10 events):
Event: 15.298 Thread 0x0000000015096800 nmethod 775 0x0000000002e40950 code [0x0000000002e40ac0, 0x0000000002e40d48]
Event: 15.298 Thread 0x0000000015096800  776       3       java.lang.String::lastIndexOf (25 bytes)
Event: 15.299 Thread 0x0000000015096800 nmethod 776 0x0000000002e40e90 code [0x0000000002e41000, 0x0000000002e411a8]
Event: 15.300 Thread 0x0000000015096800  777       3       sun.misc.URLClassPath::access$100 (7 bytes)
Event: 15.301 Thread 0x0000000015096800 nmethod 777 0x0000000002e427d0 code [0x0000000002e42940, 0x0000000002e42aa8]
Event: 15.301 Thread 0x0000000015090000 nmethod 774 0x0000000002e44450 code [0x0000000002e445a0, 0x0000000002e44758]
Event: 15.301 Thread 0x0000000015096800  778       3       java.lang.String::equalsIgnoreCase (48 bytes)
Event: 15.301 Thread 0x0000000015096800 nmethod 778 0x0000000002e421d0 code [0x0000000002e42340, 0x0000000002e426a8]
Event: 15.301 Thread 0x0000000015096800  779       3       sun.misc.JarIndex::get (49 bytes)
Event: 15.302 Thread 0x0000000015096800 nmethod 779 0x0000000002e41450 code [0x0000000002e41620, 0x0000000002e41e98]

GC Heap History (10 events):
Event: 3.922 GC heap before
{Heap before GC invocations=11 (full 0):
 PSYoungGen      total 56320K, used 54149K [0x00000000eb100000, 0x00000000eeb80000, 0x0000000100000000)
  eden space 52736K, 100% used [0x00000000eb100000,0x00000000ee480000,0x00000000ee480000)
  from space 3584K, 39% used [0x00000000ee800000,0x00000000ee9615e0,0x00000000eeb80000)
  to   space 3584K, 0% used [0x00000000ee480000,0x00000000ee480000,0x00000000ee800000)
 ParOldGen       total 44032K, used 3447K [0x00000000c1200000, 0x00000000c3d00000, 0x00000000eb100000)
  object space 44032K, 7% used [0x00000000c1200000,0x00000000c155df78,0x00000000c3d00000)
 Metaspace       used 3327K, capacity 4564K, committed 4864K, reserved 1056768K
  class space    used 348K, capacity 388K, committed 512K, reserved 1048576K
Event: 3.925 GC heap after
Heap after GC invocations=11 (full 0):
 PSYoungGen      total 56320K, used 665K [0x00000000eb100000, 0x00000000f0a80000, 0x0000000100000000)
  eden space 52736K, 0% used [0x00000000eb100000,0x00000000eb100000,0x00000000ee480000)
  from space 3584K, 18% used [0x00000000ee480000,0x00000000ee526520,0x00000000ee800000)
  to   space 3584K, 0% used [0x00000000f0700000,0x00000000f0700000,0x00000000f0a80000)
 ParOldGen       total 44032K, used 4808K [0x00000000c1200000, 0x00000000c3d00000, 0x00000000eb100000)
  object space 44032K, 10% used [0x00000000c1200000,0x00000000c16b22e0,0x00000000c3d00000)
 Metaspace       used 3327K, capacity 4564K, committed 4864K, reserved 1056768K
  class space    used 348K, capacity 388K, committed 512K, reserved 1048576K
}
Event: 4.342 GC heap before
{Heap before GC invocations=12 (full 0):
 PSYoungGen      total 56320K, used 53401K [0x00000000eb100000, 0x00000000f0a80000, 0x0000000100000000)
  eden space 52736K, 100% used [0x00000000eb100000,0x00000000ee480000,0x00000000ee480000)
  from space 3584K, 18% used [0x00000000ee480000,0x00000000ee526520,0x00000000ee800000)
  to   space 3584K, 0% used [0x00000000f0700000,0x00000000f0700000,0x00000000f0a80000)
 ParOldGen       total 44032K, used 4808K [0x00000000c1200000, 0x00000000c3d00000, 0x00000000eb100000)
  object space 44032K, 10% used [0x00000000c1200000,0x00000000c16b22e0,0x00000000c3d00000)
 Metaspace       used 3327K, capacity 4564K, committed 4864K, reserved 1056768K
  class space    used 348K, capacity 388K, committed 512K, reserved 1048576K
Event: 4.345 GC heap after
Heap after GC invocations=12 (full 0):
 PSYoungGen      total 88064K, used 789K [0x00000000eb100000, 0x00000000f0a80000, 0x0000000100000000)
  eden space 84480K, 0% used [0x00000000eb100000,0x00000000eb100000,0x00000000f0380000)
  from space 3584K, 22% used [0x00000000f0700000,0x00000000f07c57a0,0x00000000f0a80000)
  to   space 3584K, 0% used [0x00000000f0380000,0x00000000f0380000,0x00000000f0700000)
 ParOldGen       total 44032K, used 5248K [0x00000000c1200000, 0x00000000c3d00000, 0x00000000eb100000)
  object space 44032K, 11% used [0x00000000c1200000,0x00000000c17202e0,0x00000000c3d00000)
 Metaspace       used 3327K, capacity 4564K, committed 4864K, reserved 1056768K
  class space    used 348K, capacity 388K, committed 512K, reserved 1048576K
}
Event: 4.920 GC heap before
{Heap before GC invocations=13 (full 0):
 PSYoungGen      total 88064K, used 85269K [0x00000000eb100000, 0x00000000f0a80000, 0x0000000100000000)
  eden space 84480K, 100% used [0x00000000eb100000,0x00000000f0380000,0x00000000f0380000)
  from space 3584K, 22% used [0x00000000f0700000,0x00000000f07c57a0,0x00000000f0a80000)
  to   space 3584K, 0% used [0x00000000f0380000,0x00000000f0380000,0x00000000f0700000)
 ParOldGen       total 44032K, used 5248K [0x00000000c1200000, 0x00000000c3d00000, 0x00000000eb100000)
  object space 44032K, 11% used [0x00000000c1200000,0x00000000c17202e0,0x00000000c3d00000)
 Metaspace       used 3331K, capacity 4564K, committed 4864K, reserved 1056768K
  class space    used 348K, capacity 388K, committed 512K, reserved 1048576K
Event: 4.924 GC heap after
Heap after GC invocations=13 (full 0):
 PSYoungGen      total 88064K, used 1184K [0x00000000eb100000, 0x00000000f3c00000, 0x0000000100000000)
  eden space 84480K, 0% used [0x00000000eb100000,0x00000000eb100000,0x00000000f0380000)
  from space 3584K, 33% used [0x00000000f0380000,0x00000000f04a8368,0x00000000f0700000)
  to   space 3584K, 0% used [0x00000000f3880000,0x00000000f3880000,0x00000000f3c00000)
 ParOldGen       total 44032K, used 5688K [0x00000000c1200000, 0x00000000c3d00000, 0x00000000eb100000)
  object space 44032K, 12% used [0x00000000c1200000,0x00000000c178e2e0,0x00000000c3d00000)
 Metaspace       used 3331K, capacity 4564K, committed 4864K, reserved 1056768K
  class space    used 348K, capacity 388K, committed 512K, reserved 1048576K
}
Event: 5.681 GC heap before
{Heap before GC invocations=14 (full 0):
 PSYoungGen      total 88064K, used 85664K [0x00000000eb100000, 0x00000000f3c00000, 0x0000000100000000)
  eden space 84480K, 100% used [0x00000000eb100000,0x00000000f0380000,0x00000000f0380000)
  from space 3584K, 33% used [0x00000000f0380000,0x00000000f04a8368,0x00000000f0700000)
  to   space 3584K, 0% used [0x00000000f3880000,0x00000000f3880000,0x00000000f3c00000)
 ParOldGen       total 44032K, used 5688K [0x00000000c1200000, 0x00000000c3d00000, 0x00000000eb100000)
  object space 44032K, 12% used [0x00000000c1200000,0x00000000c178e2e0,0x00000000c3d00000)
 Metaspace       used 3331K, capacity 4564K, committed 4864K, reserved 1056768K
  class space    used 348K, capacity 388K, committed 512K, reserved 1048576K
Event: 5.686 GC heap after
Heap after GC invocations=14 (full 0):
 PSYoungGen      total 138752K, used 1329K [0x00000000eb100000, 0x00000000f3c00000, 0x0000000100000000)
  eden space 135168K, 0% used [0x00000000eb100000,0x00000000eb100000,0x00000000f3500000)
  from space 3584K, 37% used [0x00000000f3880000,0x00000000f39cc518,0x00000000f3c00000)
  to   space 3584K, 0% used [0x00000000f3500000,0x00000000f3500000,0x00000000f3880000)
 ParOldGen       total 44032K, used 6376K [0x00000000c1200000, 0x00000000c3d00000, 0x00000000eb100000)
  object space 44032K, 14% used [0x00000000c1200000,0x00000000c183a2e0,0x00000000c3d00000)
 Metaspace       used 3331K, capacity 4564K, committed 4864K, reserved 1056768K
  class space    used 348K, capacity 388K, committed 512K, reserved 1048576K
}
Event: 7.473 GC heap before
{Heap before GC invocations=15 (full 0):
 PSYoungGen      total 138752K, used 136497K [0x00000000eb100000, 0x00000000f3c00000, 0x0000000100000000)
  eden space 135168K, 100% used [0x00000000eb100000,0x00000000f3500000,0x00000000f3500000)
  from space 3584K, 37% used [0x00000000f3880000,0x00000000f39cc518,0x00000000f3c00000)
  to   space 3584K, 0% used [0x00000000f3500000,0x00000000f3500000,0x00000000f3880000)
 ParOldGen       total 44032K, used 6376K [0x00000000c1200000, 0x00000000c3d00000, 0x00000000eb100000)
  object space 44032K, 14% used [0x00000000c1200000,0x00000000c183a2e0,0x00000000c3d00000)
 Metaspace       used 3348K, capacity 4564K, committed 4864K, reserved 1056768K
  class space    used 348K, capacity 388K, committed 512K, reserved 1048576K
Event: 7.478 GC heap after
Heap after GC invocations=15 (full 0):
 PSYoungGen      total 132096K, used 2369K [0x00000000eb100000, 0x00000000f3900000, 0x0000000100000000)
  eden space 129536K, 0% used [0x00000000eb100000,0x00000000eb100000,0x00000000f2f80000)
  from space 2560K, 92% used [0x00000000f3500000,0x00000000f37507b8,0x00000000f3780000)
  to   space 1536K, 0% used [0x00000000f3780000,0x00000000f3780000,0x00000000f3900000)
 ParOldGen       total 44032K, used 7064K [0x00000000c1200000, 0x00000000c3d00000, 0x00000000eb100000)
  object space 44032K, 16% used [0x00000000c1200000,0x00000000c18e62e0,0x00000000c3d00000)
 Metaspace       used 3348K, capacity 4564K, committed 4864K, reserved 1056768K
  class space    used 348K, capacity 388K, committed 512K, reserved 1048576K
}

Deoptimization events (10 events):
Event: 15.216 Thread 0x00000000028c3800 Uncommon trap: reason=unstable_if action=reinterpret pc=0x0000000002c523f8 method=java.lang.AbstractStringBuilder.append(Ljava/lang/CharSequence;)Ljava/lang/AbstractStringBuilder; @ 13
Event: 15.217 Thread 0x00000000028c3800 Uncommon trap: reason=bimorphic action=maybe_recompile pc=0x0000000002cf2778 method=java.util.regex.Pattern$Start.match(Ljava/util/regex/Matcher;ILjava/lang/CharSequence;)Z @ 44
Event: 15.217 Thread 0x00000000028c3800 Uncommon trap: reason=unstable_if action=reinterpret pc=0x0000000002cfaa24 method=java.util.regex.Pattern.split(Ljava/lang/CharSequence;I)[Ljava/lang/String; @ 167
Event: 15.221 Thread 0x00000000028c3800 Uncommon trap: reason=unstable_if action=reinterpret pc=0x0000000002c69cc4 method=java.util.regex.Matcher.reset()Ljava/util/regex/Matcher; @ 47
Event: 15.221 Thread 0x00000000028c3800 Uncommon trap: reason=bimorphic action=maybe_recompile pc=0x0000000002cf2778 method=java.util.regex.Pattern$Start.match(Ljava/util/regex/Matcher;ILjava/lang/CharSequence;)Z @ 44
Event: 15.222 Thread 0x00000000028c3800 Uncommon trap: reason=bimorphic action=maybe_recompile pc=0x0000000002cf2778 method=java.util.regex.Pattern$Start.match(Ljava/util/regex/Matcher;ILjava/lang/CharSequence;)Z @ 44
Event: 15.222 Thread 0x00000000028c3800 Uncommon trap: reason=predicate action=maybe_recompile pc=0x0000000002bd20dc method=java.util.regex.Pattern$Curly.match(Ljava/util/regex/Matcher;ILjava/lang/CharSequence;)Z @ 12
Event: 15.222 Thread 0x00000000028c3800 Uncommon trap: reason=unstable_if action=reinterpret pc=0x0000000002e2898c method=java.util.regex.Pattern$BmpCharProperty.match(Ljava/util/regex/Matcher;ILjava/lang/CharSequence;)Z @ 34
Event: 15.223 Thread 0x00000000028c3800 Uncommon trap: reason=class_check action=maybe_recompile pc=0x0000000002cd7d94 method=java.util.regex.Pattern$Slice.match(Ljava/util/regex/Matcher;ILjava/lang/CharSequence;)Z @ 75
Event: 15.281 Thread 0x00000000028c3800 Uncommon trap: reason=class_check action=maybe_recompile pc=0x0000000002cd7d94 method=java.util.regex.Pattern$Slice.match(Ljava/util/regex/Matcher;ILjava/lang/CharSequence;)Z @ 75

Internal exceptions (10 events):
Event: 15.046 Thread 0x00000000028c3800 Exception <a 'java/lang/NoSuchFieldError': method resolution failed> (0x00000000ef4ae818) thrown at [C:\re\workspace\8-2-build-windows-amd64-cygwin\jdk8u121\8372\hotspot\src\share\vm\prims\methodHandles.cpp, line 1146]
Event: 15.054 Thread 0x00000000028c3800 Exception <a 'java/lang/NoSuchFieldError': method resolution failed> (0x00000000ef4bbf08) thrown at [C:\re\workspace\8-2-build-windows-amd64-cygwin\jdk8u121\8372\hotspot\src\share\vm\prims\methodHandles.cpp, line 1146]
Event: 15.092 Thread 0x00000000028c3800 Implicit null exception at 0x0000000002d17b74 to 0x0000000002d17bf5
Event: 15.213 Thread 0x00000000028c3800 Implicit null exception at 0x0000000002d3e5f0 to 0x0000000002d3e65d
Event: 15.283 Thread 0x00000000028c3800 Exception <a 'sun/nio/fs/WindowsException'> (0x00000000ef5d38d0) thrown at [C:\re\workspace\8-2-build-windows-amd64-cygwin\jdk8u121\8372\hotspot\src\share\vm\prims\jni.cpp, line 709]
Event: 15.283 Thread 0x00000000028c3800 Exception <a 'sun/nio/fs/WindowsException'> (0x00000000ef5d40b8) thrown at [C:\re\workspace\8-2-build-windows-amd64-cygwin\jdk8u121\8372\hotspot\src\share\vm\prims\jni.cpp, line 709]
Event: 15.284 Thread 0x00000000028c3800 Exception <a 'sun/nio/fs/WindowsException'> (0x00000000ef5d6a30) thrown at [C:\re\workspace\8-2-build-windows-amd64-cygwin\jdk8u121\8372\hotspot\src\share\vm\prims\jni.cpp, line 709]
Event: 15.284 Thread 0x00000000028c3800 Exception <a 'sun/nio/fs/WindowsException'> (0x00000000ef5d6f58) thrown at [C:\re\workspace\8-2-build-windows-amd64-cygwin\jdk8u121\8372\hotspot\src\share\vm\prims\jni.cpp, line 709]
Event: 15.284 Thread 0x00000000028c3800 Exception <a 'sun/nio/fs/WindowsException'> (0x00000000ef5d7930) thrown at [C:\re\workspace\8-2-build-windows-amd64-cygwin\jdk8u121\8372\hotspot\src\share\vm\prims\jni.cpp, line 709]
Event: 15.284 Thread 0x00000000028c3800 Exception <a 'sun/nio/fs/WindowsException'> (0x00000000ef5d7dc0) thrown at [C:\re\workspace\8-2-build-windows-amd64-cygwin\jdk8u121\8372\hotspot\src\share\vm\prims\jni.cpp, line 709]

Events (10 events):
Event: 15.297 loading class sun/reflect/UnsafeQualifiedStaticFieldAccessorImpl done
Event: 15.297 loading class sun/reflect/UnsafeQualifiedStaticObjectFieldAccessorImpl done
Event: 15.298 loading class org/lwjgl/system/windows/WinBase
Event: 15.298 loading class org/lwjgl/system/windows/WinBase done
Event: 15.300 loading class org/lwjgl/opengl/GL$1
Event: 15.300 loading class org/lwjgl/opengl/GL$1 done
Event: 15.301 loading class org/lwjgl/opengl/GL$SharedLibraryGL
Event: 15.301 loading class org/lwjgl/opengl/GL$SharedLibraryGL done
Event: 15.301 loading class org/lwjgl/system/SharedLibrary$Delegate
Event: 15.301 loading class org/lwjgl/system/SharedLibrary$Delegate done


Dynamic libraries:
0x00007ff68ab30000 - 0x00007ff68ab67000 	C:\Program Files\Java\jre1.8.0_121\bin\javaw.exe
0x00007ff9732e0000 - 0x00007ff9734b1000 	C:\WINDOWS\SYSTEM32\ntdll.dll
0x00007ff970d40000 - 0x00007ff970deb000 	C:\WINDOWS\System32\KERNEL32.DLL
0x00007ff96fb00000 - 0x00007ff96fd1d000 	C:\WINDOWS\System32\KERNELBASE.dll
0x00007ff973230000 - 0x00007ff9732d2000 	C:\WINDOWS\System32\ADVAPI32.dll
0x00007ff971120000 - 0x00007ff9711be000 	C:\WINDOWS\System32\msvcrt.dll
0x00007ff970ca0000 - 0x00007ff970cf9000 	C:\WINDOWS\System32\sechost.dll
0x00007ff9730d0000 - 0x00007ff9731f1000 	C:\WINDOWS\System32\RPCRT4.dll
0x00007ff9709c0000 - 0x00007ff970b25000 	C:\WINDOWS\System32\USER32.dll
0x00007ff96fd20000 - 0x00007ff96fd3e000 	C:\WINDOWS\System32\win32u.dll
0x00007ff970d00000 - 0x00007ff970d34000 	C:\WINDOWS\System32\GDI32.dll
0x00007ff96f970000 - 0x00007ff96faf2000 	C:\WINDOWS\System32\gdi32full.dll
0x00007ff95b030000 - 0x00007ff95b2a9000 	C:\WINDOWS\WinSxS\amd64_microsoft.windows.common-controls_6595b64144ccf1df_6.0.14393.447_none_42191651c6827bb3\COMCTL32.dll
0x00007ff9716f0000 - 0x00007ff9719b8000 	C:\WINDOWS\System32\combase.dll
0x00007ff96f7d0000 - 0x00007ff96f8c5000 	C:\WINDOWS\System32\ucrtbase.dll
0x00007ff970420000 - 0x00007ff97048a000 	C:\WINDOWS\System32\bcryptPrimitives.dll
0x00007ff973200000 - 0x00007ff97322e000 	C:\WINDOWS\System32\IMM32.DLL
0x000000005e560000 - 0x000000005e632000 	C:\Program Files\Java\jre1.8.0_121\bin\msvcr100.dll
0x000000005da10000 - 0x000000005e2ab000 	C:\Program Files\Java\jre1.8.0_121\bin\server\jvm.dll
0x00007ff9716e0000 - 0x00007ff9716e8000 	C:\WINDOWS\System32\PSAPI.DLL
0x00007ff9585b0000 - 0x00007ff9585b9000 	C:\WINDOWS\SYSTEM32\WSOCK32.dll
0x00007ff966830000 - 0x00007ff96683a000 	C:\WINDOWS\SYSTEM32\VERSION.dll
0x00007ff96da00000 - 0x00007ff96da23000 	C:\WINDOWS\SYSTEM32\WINMM.dll
0x00007ff9710b0000 - 0x00007ff97111a000 	C:\WINDOWS\System32\WS2_32.dll
0x00007ff96d9d0000 - 0x00007ff96d9fb000 	C:\WINDOWS\SYSTEM32\winmmbase.dll
0x00007ff970820000 - 0x00007ff970862000 	C:\WINDOWS\System32\cfgmgr32.dll
0x000000005d920000 - 0x000000005d92f000 	C:\Program Files\Java\jre1.8.0_121\bin\verify.dll
0x000000005d8f0000 - 0x000000005d919000 	C:\Program Files\Java\jre1.8.0_121\bin\java.dll
0x000000005d8d0000 - 0x000000005d8e6000 	C:\Program Files\Java\jre1.8.0_121\bin\zip.dll
0x00007ff971b60000 - 0x00007ff973069000 	C:\WINDOWS\System32\SHELL32.dll
0x00007ff96fd40000 - 0x00007ff97041a000 	C:\WINDOWS\System32\windows.storage.dll
0x00007ff96f770000 - 0x00007ff96f7bc000 	C:\WINDOWS\System32\powrprof.dll
0x00007ff971680000 - 0x00007ff9716d2000 	C:\WINDOWS\System32\shlwapi.dll
0x00007ff96f7c0000 - 0x00007ff96f7cf000 	C:\WINDOWS\System32\kernel.appcore.dll
0x00007ff970490000 - 0x00007ff970539000 	C:\WINDOWS\System32\shcore.dll
0x00007ff96f740000 - 0x00007ff96f754000 	C:\WINDOWS\System32\profapi.dll
0x000000005d8b0000 - 0x000000005d8ca000 	C:\Program Files\Java\jre1.8.0_121\bin\net.dll
0x00007ff96f070000 - 0x00007ff96f0cc000 	C:\WINDOWS\system32\mswsock.dll
0x000000005d890000 - 0x000000005d8a1000 	C:\Program Files\Java\jre1.8.0_121\bin\nio.dll
0x00007ff95ccc0000 - 0x00007ff95cd17000 	C:\Users\xz258\AppData\Local\Temp\lwjglxz258\3.1.1-build-16\lwjgl.dll
0x00007ff96f230000 - 0x00007ff96f23b000 	C:\WINDOWS\SYSTEM32\CRYPTBASE.DLL
0x00007ff95cbd0000 - 0x00007ff95cc2f000 	C:\Users\xz258\AppData\Local\Temp\lwjglxz258\3.1.1-build-16\lwjgl_opengl.dll
0x00007ff93cb10000 - 0x00007ff93cc33000 	C:\WINDOWS\system32\opengl32.dll
0x00007ff93b520000 - 0x00007ff93b617000 	C:\WINDOWS\SYSTEM32\DDRAW.dll
0x00007ff964f50000 - 0x00007ff964f7d000 	C:\WINDOWS\SYSTEM32\GLU32.dll
0x00007ff96dab0000 - 0x00007ff96dab8000 	C:\WINDOWS\SYSTEM32\DCIMAN32.dll
0x00007ff9626a0000 - 0x00007ff962832000 	C:\WINDOWS\SYSTEM32\dbghelp.dll

VM Arguments:
jvm_args: -Dfile.encoding=Cp1252 
java_command: c2g2.engine.graph.OBJLoader
java_class_path (initial): C:\Users\xz258\OneDrive\academic\spring2017\Computer Graphics\hw\project 1\graphics_hw1\hw1\bin;C:\Users\xz258\OneDrive\academic\spring2017\Computer Graphics\hw\project_1_source_code\pa1_release\lib\joml-1.9.2.jar;C:\Users\xz258\OneDrive\academic\spring2017\Computer Graphics\hw\project_1_source_code\pa1_release\lib\pngj-2.1.1.jar;C:\Users\xz258\Documents\graphics\jars\lwjgl.jar;C:\Users\xz258\Documents\graphics\jars\lwjgl-assimp.jar;C:\Users\xz258\Documents\graphics\jars\lwjgl-assimp-javadoc.jar;C:\Users\xz258\Documents\graphics\jars\lwjgl-assimp-natives-windows.jar;C:\Users\xz258\Documents\graphics\jars\lwjgl-assimp-sources.jar;C:\Users\xz258\Documents\graphics\jars\lwjgl-bgfx.jar;C:\Users\xz258\Documents\graphics\jars\lwjgl-bgfx-javadoc.jar;C:\Users\xz258\Documents\graphics\jars\lwjgl-bgfx-natives-windows.jar;C:\Users\xz258\Documents\graphics\jars\lwjgl-bgfx-sources.jar;C:\Users\xz258\Documents\graphics\jars\lwjgl-egl.jar;C:\Users\xz258\Documents\graphics\jars\lwjgl-egl-javadoc.jar;C:\Users\xz258\Documents\graphics\jars\lwjgl-egl-sources.jar;C:\Users\xz258\Documents\graphics\jars\lwjgl-glfw.jar;C:\Users\xz258\Documents\graphics\jars\lwjgl-glfw-javadoc.jar;C:\Users\xz258\Documents\graphics\jars\lwjgl-glfw-natives-windows.jar;C:\Users\xz258\Documents\graphics\jars\lwjgl-glfw-sources.jar;C:\Users\xz258\Documents\graphics\jars\lwjgl-javadoc.jar;C:\Users\xz258\Documents\graphics\jars\lwjgl-jawt.jar;C:\Users\xz258\Documents\graphics\jars\lwjgl-jawt-javadoc.jar;C:\Users\xz258\Documents\graphics\jars\lwjgl-jawt-sources.jar;C:\Users\xz258\Documents\graphics\jars\lwjgl-jemalloc.jar;C:\Users\xz258\Documents\graphics\jars\lwjgl-jemalloc-javadoc.jar;C:\Users\xz258\Documents\graphics\jars\lwjgl-jemalloc-natives-windows.jar;C:\Users\xz258\Documents\graphics\jars\lwjgl-jemalloc-sources.jar;C:\Users\xz258\Documents\graphics\jars\lwjgl-lmdb.jar;C:\Users\xz258\Documents\graphics\jars\lwjgl-lmdb-javadoc.jar;C:\Users\xz258\Documents\graphics\jars\lwjgl-lmd
Launcher Type: SUN_STANDARD

Environment Variables:
PATH=C:/Program Files/Java/jre1.8.0_121/bin/server;C:/Program Files/Java/jre1.8.0_121/bin;C:/Program Files/Java/jre1.8.0_121/lib/amd64;C:\ProgramData\Oracle\Java\javapath;c:\Program Files\Java\jdk1.8.0_101\bin;C:\WINDOWS\system32;C:\WINDOWS;C:\WINDOWS\System32\Wbem;C:\WINDOWS\System32\WindowsPowerShell\v1.0\;C:\Program Files (x86)\MiKTeX 2.9\miktex\bin\;C:\Program Files (x86)\Skype\Phone\;C:\Program Files (x86)\PharosSystems\Core;C:\Program Files (x86)\GtkSharp\2.12\bin;C:\WINDOWS\system32\config\systemprofile\.dnx\bin;C:\Program Files\Microsoft DNX\Dnvm\;C:\Program Files\Microsoft SQL Server\130\Tools\Binn\;C:\Program Files (x86)\Windows Kits\8.1\Windows Performance Toolkit\;C:\ProgramData\Oracle\Java\javapath;c:\Program Files\Java\jdk1.8.0_101\bin;C:\WINDOWS\system32;C:\WINDOWS;C:\WINDOWS\System32\Wbem;C:\WINDOWS\System32\WindowsPowerShell\v1.0\;C:\Program Files (x86)\MiKTeX 2.9\miktex\bin\;C:\Program Files (x86)\Skype\Phone\;C:\Program Files (x86)\PharosSystems\Core;C:\Program Files (x86)\GtkSharp\2.12\bin;C:\WINDOWS\system32\config\systemprofile\.dnx\bin;C:\Program Files\Microsoft DNX\Dnvm\;C:\Program Files\Microsoft SQL Server\130\Tools\Binn\;C:\Program Files (x86)\Windows Kits\8.1\Windows Performance Toolkit\;C:\Users\xz258\AppData\Local\Microsoft\WindowsApps;;C:\Python27\Scripts;C:\Users\xz258\Desktop;
USERNAME=xz258
OS=Windows_NT
PROCESSOR_IDENTIFIER=Intel64 Family 6 Model 78 Stepping 3, GenuineIntel



---------------  S Y S T E M  ---------------

OS: Windows 10.0 , 64 bit Build 14393 (10.0.14393.0)

CPU:total 4 (2 cores per cpu, 2 threads per core) family 6 model 78 stepping 3, cmov, cx8, fxsr, mmx, sse, sse2, sse3, ssse3, sse4.1, sse4.2, popcnt, avx, avx2, aes, clmul, erms, rtm, 3dnowpref, lzcnt, ht, tsc, tscinvbit, bmi1, bmi2, adx

Memory: 4k page, physical 4118656k(355300k free), swap 9623680k(3189172k free)

vm_info: Java HotSpot(TM) 64-Bit Server VM (25.121-b13) for windows-amd64 JRE (1.8.0_121-b13), built on Dec 12 2016 18:21:36 by "java_re" with MS VC++ 10.0 (VS2010)

time: Sat Feb 18 18:30:32 2017
elapsed time: 15 seconds (0d 0h 0m 15s)

