#
# A fatal error has been detected by the Java Runtime Environment:
#
#  EXCEPTION_ACCESS_VIOLATION (0xc0000005) at pc=0x00007ff94ffc862d, pid=10332, tid=0x0000000000000888
#
# JRE version: Java(TM) SE Runtime Environment (8.0_121-b13) (build 1.8.0_121-b13)
# Java VM: Java HotSpot(TM) 64-Bit Server VM (25.121-b13 mixed mode windows-amd64 compressed oops)
# Problematic frame:
# C  [lwjgl_opengl.dll+0x862d]
#
# Failed to write core dump. Minidumps are not enabled by default on client versions of Windows
#
# If you would like to submit a bug report, please visit:
#   http://bugreport.java.com/bugreport/crash.jsp
# The crash happened outside the Java Virtual Machine in native code.
# See problematic frame for where to report the bug.
#

---------------  T H R E A D  ---------------

Current thread (0x00000000025c3800):  JavaThread "main" [_thread_in_native, id=2184, stack(0x0000000002440000,0x0000000002540000)]

siginfo: ExceptionCode=0xc0000005, reading address 0x0000000000000f18

Registers:
RAX=0x000000005e1afd50, RBX=0x00000000147532a8, RCX=0x0000000000000001, RDX=0x0000000016ed3a7c
RSP=0x000000000253f148, RBP=0x000000000253f1c8, RSI=0x00000000eb199b08, RDI=0x00000000026c7e70
R8 =0x0000000000000001, R9 =0x0000000016ed3a7c, R10=0x0000000000000000, R11=0x000000005dc3b820
R12=0x0000000000000000, R13=0x00000000147532a8, R14=0x000000000253f1f8, R15=0x00000000025c3800
RIP=0x00007ff94ffc862d, EFLAGS=0x0000000000010206

Top of Stack: (sp=0x000000000253f148)
0x000000000253f148:   00000000026d7f74 00000000026c7e70
0x000000000253f158:   00000000026d7ceb 00000000025c3800
0x000000000253f168:   00000000147532a8 00000000eb199b08
0x000000000253f178:   00000000025c3800 00000000026d7ca2
0x000000000253f188:   000000000253f188 00000000147532a8
0x000000000253f198:   000000000253f1f8 000000001475ba88
0x000000000253f1a8:   0000000000000000 00000000147532a8
0x000000000253f1b8:   0000000000000000 000000000253f1e8
0x000000000253f1c8:   000000000253f240 00000000026c835d
0x000000000253f1d8:   00000000eb3061d0 00000000026d19d8
0x000000000253f1e8:   0000000016ed3a7c 00000000eb64c990
0x000000000253f1f8:   0000000000000001 000000000253f200
0x000000000253f208:   00000000147533fc 000000000253f270
0x000000000253f218:   000000001475ba88 0000000000000000
0x000000000253f228:   0000000014753460 000000000253f1e8
0x000000000253f238:   000000000253f278 000000000253f2c0 

Instructions: (pc=0x00007ff94ffc862d)
0x00007ff94ffc860d:   49 ff a2 f0 09 00 00 cc cc cc cc cc cc cc cc cc
0x00007ff94ffc861d:   cc cc cc 48 8b 01 49 8b d1 41 8b c8 4c 8b 50 18
0x00007ff94ffc862d:   49 ff a2 18 0f 00 00 cc cc cc cc cc cc cc cc cc
0x00007ff94ffc863d:   cc cc cc 48 8b 01 48 8b 48 18 48 8b 81 c0 1b 00 


Register to memory mapping:

RAX=0x000000005e1afd50 is an unknown value
RBX={method} {0x00000000147532b0} 'nglGenVertexArrays' '(IJ)V' in 'org/lwjgl/opengl/GL30'
RCX=0x0000000000000001 is an unknown value
RDX=0x0000000016ed3a7c is an unknown value
RSP=0x000000000253f148 is pointing into the stack for thread: 0x00000000025c3800
RBP=0x000000000253f1c8 is pointing into the stack for thread: 0x00000000025c3800
RSI=0x00000000eb199b08 is an oop
java.lang.ThreadLocal$ThreadLocalMap 
 - klass: 'java/lang/ThreadLocal$ThreadLocalMap'
RDI=0x00000000026c7e70 is at code_begin+1040 in an Interpreter codelet
invoke return entry points  [0x00000000026c7a60, 0x00000000026c8440]  2528 bytes
R8 =0x0000000000000001 is an unknown value
R9 =0x0000000016ed3a7c is an unknown value
R10=0x0000000000000000 is an unknown value
R11=0x000000005dc3b820 is an unknown value
R12=0x0000000000000000 is an unknown value
R13={method} {0x00000000147532b0} 'nglGenVertexArrays' '(IJ)V' in 'org/lwjgl/opengl/GL30'
R14=0x000000000253f1f8 is pointing into the stack for thread: 0x00000000025c3800
R15=0x00000000025c3800 is a thread


Stack: [0x0000000002440000,0x0000000002540000],  sp=0x000000000253f148,  free space=1020k
Native frames: (J=compiled Java code, j=interpreted, Vv=VM code, C=native code)
C  [lwjgl_opengl.dll+0x862d]

Java frames: (J=compiled Java code, j=interpreted, Vv=VM code)
j  org.lwjgl.opengl.GL30.nglGenVertexArrays(IJ)V+0
j  org.lwjgl.opengl.GL30.glGenVertexArrays()I+20
j  c2g2.engine.graph.Mesh.setMesh([F[F[F[I)V+114
j  c2g2.engine.graph.Mesh.<init>([F[F[F[I)V+10
j  c2g2.engine.graph.OBJLoader.loadMesh_2(Ljava/lang/String;)Lc2g2/engine/graph/Mesh;+740
j  c2g2.engine.graph.OBJLoader.main([Ljava/lang/String;)V+10
v  ~StubRoutines::call_stub

---------------  P R O C E S S  ---------------

Java Threads: ( => current thread )
  0x0000000014d3e000 JavaThread "Service Thread" daemon [_thread_blocked, id=1984, stack(0x0000000016a60000,0x0000000016b60000)]
  0x0000000014d0e000 JavaThread "C1 CompilerThread2" daemon [_thread_blocked, id=780, stack(0x0000000016560000,0x0000000016660000)]
  0x0000000014ce9000 JavaThread "C2 CompilerThread1" daemon [_thread_blocked, id=6796, stack(0x0000000016460000,0x0000000016560000)]
  0x0000000014cdf000 JavaThread "C2 CompilerThread0" daemon [_thread_blocked, id=5848, stack(0x0000000016360000,0x0000000016460000)]
  0x0000000014cdd000 JavaThread "Attach Listener" daemon [_thread_blocked, id=3596, stack(0x0000000016260000,0x0000000016360000)]
  0x0000000014cdb800 JavaThread "Signal Dispatcher" daemon [_thread_blocked, id=1652, stack(0x0000000016160000,0x0000000016260000)]
  0x0000000014cca800 JavaThread "Finalizer" daemon [_thread_blocked, id=11060, stack(0x0000000015f70000,0x0000000016070000)]
  0x0000000014ca9000 JavaThread "Reference Handler" daemon [_thread_blocked, id=7868, stack(0x0000000015e70000,0x0000000015f70000)]
=>0x00000000025c3800 JavaThread "main" [_thread_in_native, id=2184, stack(0x0000000002440000,0x0000000002540000)]

Other Threads:
  0x0000000014ca8000 VMThread [stack: 0x0000000015d70000,0x0000000015e70000] [id=9476]
  0x000000001669c800 WatcherThread [stack: 0x0000000016b60000,0x0000000016c60000] [id=4460]

VM state:not at safepoint (normal execution)

VM Mutex/Monitor currently owned by a thread: None

Heap:
 PSYoungGen      total 18944K, used 5692K [0x00000000eb100000, 0x00000000ec600000, 0x0000000100000000)
  eden space 16384K, 34% used [0x00000000eb100000,0x00000000eb68f0a8,0x00000000ec100000)
  from space 2560K, 0% used [0x00000000ec380000,0x00000000ec380000,0x00000000ec600000)
  to   space 2560K, 0% used [0x00000000ec100000,0x00000000ec100000,0x00000000ec380000)
 ParOldGen       total 44032K, used 0K [0x00000000c1200000, 0x00000000c3d00000, 0x00000000eb100000)
  object space 44032K, 0% used [0x00000000c1200000,0x00000000c1200000,0x00000000c3d00000)
 Metaspace       used 4975K, capacity 5208K, committed 5248K, reserved 1056768K
  class space    used 566K, capacity 634K, committed 640K, reserved 1048576K

Card table byte_map: [0x0000000011a80000,0x0000000011c80000] byte_map_base: 0x0000000011477000

Marking Bits: (ParMarkBitMap*) 0x000000005e22b6d0
 Begin Bits: [0x00000000121d0000, 0x0000000013188000)
 End Bits:   [0x0000000013188000, 0x0000000014140000)

Polling page: 0x0000000002540000

CodeCache: size=245760Kb used=1868Kb max_used=1879Kb free=243891Kb
 bounds [0x00000000026c0000, 0x0000000002930000, 0x00000000116c0000]
 total_blobs=719 nmethods=394 adapters=238
 compilation: enabled

Compilation events (10 events):
Event: 0.331 Thread 0x0000000014d0e000  391       3       java.lang.String::lastIndexOf (25 bytes)
Event: 0.332 Thread 0x0000000014d0e000 nmethod 391 0x0000000002888790 code [0x0000000002888900, 0x0000000002888aa8]
Event: 0.332 Thread 0x0000000014d0e000  387       3       java.lang.ClassLoader::getClassLoadingLock (35 bytes)
Event: 0.332 Thread 0x0000000014cdf000  392       4       java.lang.String::startsWith (72 bytes)
Event: 0.332 Thread 0x0000000014d0e000 nmethod 387 0x00000000028880d0 code [0x0000000002888240, 0x0000000002888608]
Event: 0.332 Thread 0x0000000014d0e000  388       3       java.lang.ClassLoader::findLoadedClass (16 bytes)
Event: 0.332 Thread 0x0000000014d0e000 nmethod 388 0x0000000002891a90 code [0x0000000002891c00, 0x0000000002891e38]
Event: 0.332 Thread 0x0000000014d0e000  394       3       java.lang.String::equalsIgnoreCase (48 bytes)
Event: 0.332 Thread 0x0000000014d0e000 nmethod 394 0x0000000002891ed0 code [0x0000000002892040, 0x00000000028923a8]
Event: 0.332 Thread 0x0000000014d0e000  393       3       sun.misc.JarIndex::get (49 bytes)

GC Heap History (0 events):
No events

Deoptimization events (0 events):
No events

Internal exceptions (10 events):
Event: 0.224 Thread 0x00000000025c3800 Exception <a 'java/security/PrivilegedActionException'> (0x00000000eb3b8070) thrown at [C:\re\workspace\8-2-build-windows-amd64-cygwin\jdk8u121\8372\hotspot\src\share\vm\prims\jvm.cpp, line 1390]
Event: 0.224 Thread 0x00000000025c3800 Exception <a 'java/security/PrivilegedActionException'> (0x00000000eb3b8280) thrown at [C:\re\workspace\8-2-build-windows-amd64-cygwin\jdk8u121\8372\hotspot\src\share\vm\prims\jvm.cpp, line 1390]
Event: 0.257 Thread 0x00000000025c3800 Exception <a 'java/lang/NoSuchFieldError': method resolution failed> (0x00000000eb49bce8) thrown at [C:\re\workspace\8-2-build-windows-amd64-cygwin\jdk8u121\8372\hotspot\src\share\vm\prims\methodHandles.cpp, line 1146]
Event: 0.259 Thread 0x00000000025c3800 Exception <a 'java/lang/NoSuchFieldError': method resolution failed> (0x00000000eb4a9408) thrown at [C:\re\workspace\8-2-build-windows-amd64-cygwin\jdk8u121\8372\hotspot\src\share\vm\prims\methodHandles.cpp, line 1146]
Event: 0.314 Thread 0x00000000025c3800 Exception <a 'sun/nio/fs/WindowsException'> (0x00000000eb5c2598) thrown at [C:\re\workspace\8-2-build-windows-amd64-cygwin\jdk8u121\8372\hotspot\src\share\vm\prims\jni.cpp, line 709]
Event: 0.314 Thread 0x00000000025c3800 Exception <a 'sun/nio/fs/WindowsException'> (0x00000000eb5c2d80) thrown at [C:\re\workspace\8-2-build-windows-amd64-cygwin\jdk8u121\8372\hotspot\src\share\vm\prims\jni.cpp, line 709]
Event: 0.315 Thread 0x00000000025c3800 Exception <a 'sun/nio/fs/WindowsException'> (0x00000000eb5c5720) thrown at [C:\re\workspace\8-2-build-windows-amd64-cygwin\jdk8u121\8372\hotspot\src\share\vm\prims\jni.cpp, line 709]
Event: 0.315 Thread 0x00000000025c3800 Exception <a 'sun/nio/fs/WindowsException'> (0x00000000eb5c5c48) thrown at [C:\re\workspace\8-2-build-windows-amd64-cygwin\jdk8u121\8372\hotspot\src\share\vm\prims\jni.cpp, line 709]
Event: 0.315 Thread 0x00000000025c3800 Exception <a 'sun/nio/fs/WindowsException'> (0x00000000eb5c6620) thrown at [C:\re\workspace\8-2-build-windows-amd64-cygwin\jdk8u121\8372\hotspot\src\share\vm\prims\jni.cpp, line 709]
Event: 0.315 Thread 0x00000000025c3800 Exception <a 'sun/nio/fs/WindowsException'> (0x00000000eb5c6ab0) thrown at [C:\re\workspace\8-2-build-windows-amd64-cygwin\jdk8u121\8372\hotspot\src\share\vm\prims\jni.cpp, line 709]

Events (10 events):
Event: 0.326 loading class sun/reflect/UnsafeQualifiedStaticFieldAccessorImpl done
Event: 0.326 loading class sun/reflect/UnsafeQualifiedStaticObjectFieldAccessorImpl done
Event: 0.328 loading class org/lwjgl/system/windows/WinBase
Event: 0.328 loading class org/lwjgl/system/windows/WinBase done
Event: 0.331 loading class org/lwjgl/opengl/GL$1
Event: 0.331 loading class org/lwjgl/opengl/GL$1 done
Event: 0.331 loading class org/lwjgl/opengl/GL$SharedLibraryGL
Event: 0.331 loading class org/lwjgl/opengl/GL$SharedLibraryGL done
Event: 0.332 loading class org/lwjgl/system/SharedLibrary$Delegate
Event: 0.332 loading class org/lwjgl/system/SharedLibrary$Delegate done


Dynamic libraries:
0x00007ff797890000 - 0x00007ff7978c7000 	C:\Program Files\Java\jre1.8.0_121\bin\javaw.exe
0x00007ff9732e0000 - 0x00007ff9734b1000 	C:\WINDOWS\SYSTEM32\ntdll.dll
0x00007ff970d40000 - 0x00007ff970deb000 	C:\WINDOWS\System32\KERNEL32.DLL
0x00007ff96fb00000 - 0x00007ff96fd1d000 	C:\WINDOWS\System32\KERNELBASE.dll
0x00007ff973230000 - 0x00007ff9732d2000 	C:\WINDOWS\System32\ADVAPI32.dll
0x00007ff971120000 - 0x00007ff9711be000 	C:\WINDOWS\System32\msvcrt.dll
0x00007ff970ca0000 - 0x00007ff970cf9000 	C:\WINDOWS\System32\sechost.dll
0x00007ff9730d0000 - 0x00007ff9731f1000 	C:\WINDOWS\System32\RPCRT4.dll
0x00007ff9709c0000 - 0x00007ff970b25000 	C:\WINDOWS\System32\USER32.dll
0x00007ff96fd20000 - 0x00007ff96fd3e000 	C:\WINDOWS\System32\win32u.dll
0x00007ff970d00000 - 0x00007ff970d34000 	C:\WINDOWS\System32\GDI32.dll
0x00007ff96f970000 - 0x00007ff96faf2000 	C:\WINDOWS\System32\gdi32full.dll
0x00007ff95b030000 - 0x00007ff95b2a9000 	C:\WINDOWS\WinSxS\amd64_microsoft.windows.common-controls_6595b64144ccf1df_6.0.14393.447_none_42191651c6827bb3\COMCTL32.dll
0x00007ff9716f0000 - 0x00007ff9719b8000 	C:\WINDOWS\System32\combase.dll
0x00007ff96f7d0000 - 0x00007ff96f8c5000 	C:\WINDOWS\System32\ucrtbase.dll
0x00007ff970420000 - 0x00007ff97048a000 	C:\WINDOWS\System32\bcryptPrimitives.dll
0x00007ff973200000 - 0x00007ff97322e000 	C:\WINDOWS\System32\IMM32.DLL
0x000000005d770000 - 0x000000005d842000 	C:\Program Files\Java\jre1.8.0_121\bin\msvcr100.dll
0x000000005da10000 - 0x000000005e2ab000 	C:\Program Files\Java\jre1.8.0_121\bin\server\jvm.dll
0x00007ff9716e0000 - 0x00007ff9716e8000 	C:\WINDOWS\System32\PSAPI.DLL
0x00007ff9585b0000 - 0x00007ff9585b9000 	C:\WINDOWS\SYSTEM32\WSOCK32.dll
0x00007ff9710b0000 - 0x00007ff97111a000 	C:\WINDOWS\System32\WS2_32.dll
0x00007ff96da00000 - 0x00007ff96da23000 	C:\WINDOWS\SYSTEM32\WINMM.dll
0x00007ff966830000 - 0x00007ff96683a000 	C:\WINDOWS\SYSTEM32\VERSION.dll
0x00007ff96d9d0000 - 0x00007ff96d9fb000 	C:\WINDOWS\SYSTEM32\WINMMBASE.dll
0x00007ff970820000 - 0x00007ff970862000 	C:\WINDOWS\System32\cfgmgr32.dll
0x000000005d920000 - 0x000000005d92f000 	C:\Program Files\Java\jre1.8.0_121\bin\verify.dll
0x000000005d8f0000 - 0x000000005d919000 	C:\Program Files\Java\jre1.8.0_121\bin\java.dll
0x000000005d8d0000 - 0x000000005d8e6000 	C:\Program Files\Java\jre1.8.0_121\bin\zip.dll
0x00007ff971b60000 - 0x00007ff973069000 	C:\WINDOWS\System32\SHELL32.dll
0x00007ff96fd40000 - 0x00007ff97041a000 	C:\WINDOWS\System32\windows.storage.dll
0x00007ff96f770000 - 0x00007ff96f7bc000 	C:\WINDOWS\System32\powrprof.dll
0x00007ff971680000 - 0x00007ff9716d2000 	C:\WINDOWS\System32\shlwapi.dll
0x00007ff96f7c0000 - 0x00007ff96f7cf000 	C:\WINDOWS\System32\kernel.appcore.dll
0x00007ff970490000 - 0x00007ff970539000 	C:\WINDOWS\System32\shcore.dll
0x00007ff96f740000 - 0x00007ff96f754000 	C:\WINDOWS\System32\profapi.dll
0x000000005d8b0000 - 0x000000005d8ca000 	C:\Program Files\Java\jre1.8.0_121\bin\net.dll
0x00007ff96f070000 - 0x00007ff96f0cc000 	C:\WINDOWS\system32\mswsock.dll
0x000000005d890000 - 0x000000005d8a1000 	C:\Program Files\Java\jre1.8.0_121\bin\nio.dll
0x00007ff95cbc0000 - 0x00007ff95cc17000 	C:\Users\xz258\AppData\Local\Temp\lwjglxz258\3.1.1-build-16\lwjgl.dll
0x00007ff96f230000 - 0x00007ff96f23b000 	C:\WINDOWS\SYSTEM32\CRYPTBASE.DLL
0x00007ff94ffc0000 - 0x00007ff95001f000 	C:\Users\xz258\AppData\Local\Temp\lwjglxz258\3.1.1-build-16\lwjgl_opengl.dll
0x00007ff93cb10000 - 0x00007ff93cc33000 	C:\WINDOWS\system32\opengl32.dll
0x00007ff964ac0000 - 0x00007ff964aed000 	C:\WINDOWS\SYSTEM32\GLU32.dll
0x00007ff939c60000 - 0x00007ff939d57000 	C:\WINDOWS\SYSTEM32\DDRAW.dll
0x00007ff96d990000 - 0x00007ff96d998000 	C:\WINDOWS\SYSTEM32\DCIMAN32.dll
0x00007ff9626a0000 - 0x00007ff962832000 	C:\WINDOWS\SYSTEM32\dbghelp.dll

VM Arguments:
jvm_args: -Dfile.encoding=Cp1252 
java_command: c2g2.engine.graph.OBJLoader
java_class_path (initial): C:\Users\xz258\OneDrive\academic\spring2017\Computer Graphics\hw\project 1\graphics_hw1\hw1\bin;C:\Users\xz258\OneDrive\academic\spring2017\Computer Graphics\hw\project_1_source_code\pa1_release\lib\joml-1.9.2.jar;C:\Users\xz258\OneDrive\academic\spring2017\Computer Graphics\hw\project_1_source_code\pa1_release\lib\pngj-2.1.1.jar;C:\Users\xz258\Documents\graphics\jars\lwjgl.jar;C:\Users\xz258\Documents\graphics\jars\lwjgl-assimp.jar;C:\Users\xz258\Documents\graphics\jars\lwjgl-assimp-javadoc.jar;C:\Users\xz258\Documents\graphics\jars\lwjgl-assimp-natives-windows.jar;C:\Users\xz258\Documents\graphics\jars\lwjgl-assimp-sources.jar;C:\Users\xz258\Documents\graphics\jars\lwjgl-bgfx.jar;C:\Users\xz258\Documents\graphics\jars\lwjgl-bgfx-javadoc.jar;C:\Users\xz258\Documents\graphics\jars\lwjgl-bgfx-natives-windows.jar;C:\Users\xz258\Documents\graphics\jars\lwjgl-bgfx-sources.jar;C:\Users\xz258\Documents\graphics\jars\lwjgl-egl.jar;C:\Users\xz258\Documents\graphics\jars\lwjgl-egl-javadoc.jar;C:\Users\xz258\Documents\graphics\jars\lwjgl-egl-sources.jar;C:\Users\xz258\Documents\graphics\jars\lwjgl-glfw.jar;C:\Users\xz258\Documents\graphics\jars\lwjgl-glfw-javadoc.jar;C:\Users\xz258\Documents\graphics\jars\lwjgl-glfw-natives-windows.jar;C:\Users\xz258\Documents\graphics\jars\lwjgl-glfw-sources.jar;C:\Users\xz258\Documents\graphics\jars\lwjgl-javadoc.jar;C:\Users\xz258\Documents\graphics\jars\lwjgl-jawt.jar;C:\Users\xz258\Documents\graphics\jars\lwjgl-jawt-javadoc.jar;C:\Users\xz258\Documents\graphics\jars\lwjgl-jawt-sources.jar;C:\Users\xz258\Documents\graphics\jars\lwjgl-jemalloc.jar;C:\Users\xz258\Documents\graphics\jars\lwjgl-jemalloc-javadoc.jar;C:\Users\xz258\Documents\graphics\jars\lwjgl-jemalloc-natives-windows.jar;C:\Users\xz258\Documents\graphics\jars\lwjgl-jemalloc-sources.jar;C:\Users\xz258\Documents\graphics\jars\lwjgl-lmdb.jar;C:\Users\xz258\Documents\graphics\jars\lwjgl-lmdb-javadoc.jar;C:\Users\xz258\Documents\graphics\jars\lwjgl-lmd
Launcher Type: SUN_STANDARD

Environment Variables:
PATH=C:/Program Files/Java/jre1.8.0_121/bin/server;C:/Program Files/Java/jre1.8.0_121/bin;C:/Program Files/Java/jre1.8.0_121/lib/amd64;C:\ProgramData\Oracle\Java\javapath;c:\Program Files\Java\jdk1.8.0_101\bin;C:\WINDOWS\system32;C:\WINDOWS;C:\WINDOWS\System32\Wbem;C:\WINDOWS\System32\WindowsPowerShell\v1.0\;C:\Program Files (x86)\MiKTeX 2.9\miktex\bin\;C:\Program Files (x86)\Skype\Phone\;C:\Program Files (x86)\PharosSystems\Core;C:\Program Files (x86)\GtkSharp\2.12\bin;C:\WINDOWS\system32\config\systemprofile\.dnx\bin;C:\Program Files\Microsoft DNX\Dnvm\;C:\Program Files\Microsoft SQL Server\130\Tools\Binn\;C:\Program Files (x86)\Windows Kits\8.1\Windows Performance Toolkit\;C:\ProgramData\Oracle\Java\javapath;c:\Program Files\Java\jdk1.8.0_101\bin;C:\WINDOWS\system32;C:\WINDOWS;C:\WINDOWS\System32\Wbem;C:\WINDOWS\System32\WindowsPowerShell\v1.0\;C:\Program Files (x86)\MiKTeX 2.9\miktex\bin\;C:\Program Files (x86)\Skype\Phone\;C:\Program Files (x86)\PharosSystems\Core;C:\Program Files (x86)\GtkSharp\2.12\bin;C:\WINDOWS\system32\config\systemprofile\.dnx\bin;C:\Program Files\Microsoft DNX\Dnvm\;C:\Program Files\Microsoft SQL Server\130\Tools\Binn\;C:\Program Files (x86)\Windows Kits\8.1\Windows Performance Toolkit\;C:\Users\xz258\AppData\Local\Microsoft\WindowsApps;;C:\Python27\Scripts;C:\Users\xz258\Desktop;
USERNAME=xz258
OS=Windows_NT
PROCESSOR_IDENTIFIER=Intel64 Family 6 Model 78 Stepping 3, GenuineIntel



---------------  S Y S T E M  ---------------

OS: Windows 10.0 , 64 bit Build 14393 (10.0.14393.0)

CPU:total 4 (2 cores per cpu, 2 threads per core) family 6 model 78 stepping 3, cmov, cx8, fxsr, mmx, sse, sse2, sse3, ssse3, sse4.1, sse4.2, popcnt, avx, avx2, aes, clmul, erms, rtm, 3dnowpref, lzcnt, ht, tsc, tscinvbit, bmi1, bmi2, adx

Memory: 4k page, physical 4118656k(668820k free), swap 9623680k(3364636k free)

vm_info: Java HotSpot(TM) 64-Bit Server VM (25.121-b13) for windows-amd64 JRE (1.8.0_121-b13), built on Dec 12 2016 18:21:36 by "java_re" with MS VC++ 10.0 (VS2010)

time: Sat Feb 18 17:39:50 2017
elapsed time: 0 seconds (0d 0h 0m 0s)

