#
# A fatal error has been detected by the Java Runtime Environment:
#
#  EXCEPTION_ACCESS_VIOLATION (0xc0000005) at pc=0x00007ff95cd3862d, pid=10860, tid=0x0000000000001814
#
# JRE version: Java(TM) SE Runtime Environment (8.0_121-b13) (build 1.8.0_121-b13)
# Java VM: Java HotSpot(TM) 64-Bit Server VM (25.121-b13 mixed mode windows-amd64 compressed oops)
# Problematic frame:
# C  [lwjgl_opengl.dll+0x862d]
#
# Failed to write core dump. Minidumps are not enabled by default on client versions of Windows
#
# If you would like to submit a bug report, please visit:
#   http://bugreport.java.com/bugreport/crash.jsp
# The crash happened outside the Java Virtual Machine in native code.
# See problematic frame for where to report the bug.
#

---------------  T H R E A D  ---------------

Current thread (0x00000000031f3800):  JavaThread "main" [_thread_in_native, id=6164, stack(0x00000000030f0000,0x00000000031f0000)]

siginfo: ExceptionCode=0xc0000005, reading address 0x0000000000000f18

Registers:
RAX=0x000000005e1afd50, RBX=0x0000000015391390, RCX=0x0000000000000001, RDX=0x0000000017a4dd8c
RSP=0x00000000031ef4b8, RBP=0x00000000031ef538, RSI=0x0000000000000188, RDI=0x00000000032f7e70
R8 =0x0000000000000001, R9 =0x0000000017a4dd8c, R10=0x0000000000000000, R11=0x000000005dc3b820
R12=0x0000000000000000, R13=0x0000000015391390, R14=0x00000000031ef568, R15=0x00000000031f3800
RIP=0x00007ff95cd3862d, EFLAGS=0x0000000000010206

Top of Stack: (sp=0x00000000031ef4b8)
0x00000000031ef4b8:   0000000003307f74 00000000032f7e70
0x00000000031ef4c8:   0000000003307ceb 00000000031f3800
0x00000000031ef4d8:   0000000015391390 0000000000000188
0x00000000031ef4e8:   00000000031f3800 0000000003307ca2
0x00000000031ef4f8:   00000000031ef4f8 0000000015391390
0x00000000031ef508:   00000000031ef568 0000000015399fb8
0x00000000031ef518:   0000000000000000 0000000015391390
0x00000000031ef528:   0000000000000000 00000000031ef558
0x00000000031ef538:   00000000031ef5b0 00000000032f835d
0x00000000031ef548:   00000000eb335db0 00000000033019d8
0x00000000031ef558:   0000000017a4dd8c 00000000eb679be8
0x00000000031ef568:   0000000000000001 00000000031ef570
0x00000000031ef578:   00000000153914e4 00000000031ef5e0
0x00000000031ef588:   0000000015399fb8 0000000000000000
0x00000000031ef598:   0000000015391548 00000000031ef558
0x00000000031ef5a8:   00000000031ef5e8 00000000031ef630 

Instructions: (pc=0x00007ff95cd3862d)
0x00007ff95cd3860d:   49 ff a2 f0 09 00 00 cc cc cc cc cc cc cc cc cc
0x00007ff95cd3861d:   cc cc cc 48 8b 01 49 8b d1 41 8b c8 4c 8b 50 18
0x00007ff95cd3862d:   49 ff a2 18 0f 00 00 cc cc cc cc cc cc cc cc cc
0x00007ff95cd3863d:   cc cc cc 48 8b 01 48 8b 48 18 48 8b 81 c0 1b 00 


Register to memory mapping:

RAX=0x000000005e1afd50 is an unknown value
RBX={method} {0x0000000015391398} 'nglGenVertexArrays' '(IJ)V' in 'org/lwjgl/opengl/GL30'
RCX=0x0000000000000001 is an unknown value
RDX=0x0000000017a4dd8c is an unknown value
RSP=0x00000000031ef4b8 is pointing into the stack for thread: 0x00000000031f3800
RBP=0x00000000031ef538 is pointing into the stack for thread: 0x00000000031f3800
RSI=0x0000000000000188 is an unknown value
RDI=0x00000000032f7e70 is at code_begin+1040 in an Interpreter codelet
invoke return entry points  [0x00000000032f7a60, 0x00000000032f8440]  2528 bytes
R8 =0x0000000000000001 is an unknown value
R9 =0x0000000017a4dd8c is an unknown value
R10=0x0000000000000000 is an unknown value
R11=0x000000005dc3b820 is an unknown value
R12=0x0000000000000000 is an unknown value
R13={method} {0x0000000015391398} 'nglGenVertexArrays' '(IJ)V' in 'org/lwjgl/opengl/GL30'
R14=0x00000000031ef568 is pointing into the stack for thread: 0x00000000031f3800
R15=0x00000000031f3800 is a thread


Stack: [0x00000000030f0000,0x00000000031f0000],  sp=0x00000000031ef4b8,  free space=1021k
Native frames: (J=compiled Java code, j=interpreted, Vv=VM code, C=native code)
C  [lwjgl_opengl.dll+0x862d]

Java frames: (J=compiled Java code, j=interpreted, Vv=VM code)
j  org.lwjgl.opengl.GL30.nglGenVertexArrays(IJ)V+0
j  org.lwjgl.opengl.GL30.glGenVertexArrays()I+20
j  c2g2.engine.graph.Mesh.setMesh([F[F[F[I)V+114
j  c2g2.engine.graph.Mesh.<init>([F[F[F[I)V+10
j  c2g2.engine.graph.OBJLoader.loadMesh_2(Ljava/lang/String;)Lc2g2/engine/graph/Mesh;+737
j  c2g2.engine.graph.OBJLoader.main([Ljava/lang/String;)V+10
v  ~StubRoutines::call_stub

---------------  P R O C E S S  ---------------

Java Threads: ( => current thread )
  0x0000000017291000 JavaThread "Service Thread" daemon [_thread_blocked, id=9780, stack(0x0000000017650000,0x0000000017750000)]
  0x0000000015924000 JavaThread "C1 CompilerThread2" daemon [_thread_blocked, id=10180, stack(0x0000000017150000,0x0000000017250000)]
  0x0000000015919000 JavaThread "C2 CompilerThread1" daemon [_thread_blocked, id=10528, stack(0x0000000017050000,0x0000000017150000)]
  0x000000001590f000 JavaThread "C2 CompilerThread0" daemon [_thread_blocked, id=10760, stack(0x0000000016f50000,0x0000000017050000)]
  0x000000001590d000 JavaThread "Attach Listener" daemon [_thread_blocked, id=7640, stack(0x0000000016e50000,0x0000000016f50000)]
  0x000000001590b800 JavaThread "Signal Dispatcher" daemon [_thread_blocked, id=8940, stack(0x0000000016d50000,0x0000000016e50000)]
  0x00000000158fa800 JavaThread "Finalizer" daemon [_thread_blocked, id=4820, stack(0x0000000016b60000,0x0000000016c60000)]
  0x00000000158d9000 JavaThread "Reference Handler" daemon [_thread_blocked, id=1300, stack(0x0000000016a60000,0x0000000016b60000)]
=>0x00000000031f3800 JavaThread "main" [_thread_in_native, id=6164, stack(0x00000000030f0000,0x00000000031f0000)]

Other Threads:
  0x00000000158d8000 VMThread [stack: 0x0000000016960000,0x0000000016a60000] [id=2952]
  0x0000000017296000 WatcherThread [stack: 0x0000000017750000,0x0000000017850000] [id=9056]

VM state:not at safepoint (normal execution)

VM Mutex/Monitor currently owned by a thread: None

Heap:
 PSYoungGen      total 18944K, used 5919K [0x00000000eb100000, 0x00000000ec600000, 0x0000000100000000)
  eden space 16384K, 36% used [0x00000000eb100000,0x00000000eb6c7e58,0x00000000ec100000)
  from space 2560K, 0% used [0x00000000ec380000,0x00000000ec380000,0x00000000ec600000)
  to   space 2560K, 0% used [0x00000000ec100000,0x00000000ec100000,0x00000000ec380000)
 ParOldGen       total 44032K, used 0K [0x00000000c1200000, 0x00000000c3d00000, 0x00000000eb100000)
  object space 44032K, 0% used [0x00000000c1200000,0x00000000c1200000,0x00000000c3d00000)
 Metaspace       used 5299K, capacity 5448K, committed 5632K, reserved 1056768K
  class space    used 594K, capacity 666K, committed 768K, reserved 1048576K

Card table byte_map: [0x00000000126b0000,0x00000000128b0000] byte_map_base: 0x00000000120a7000

Marking Bits: (ParMarkBitMap*) 0x000000005e22b6d0
 Begin Bits: [0x0000000012e00000, 0x0000000013db8000)
 End Bits:   [0x0000000013db8000, 0x0000000014d70000)

Polling page: 0x0000000003000000

CodeCache: size=245760Kb used=1892Kb max_used=1904Kb free=243867Kb
 bounds [0x00000000032f0000, 0x0000000003560000, 0x00000000122f0000]
 total_blobs=731 nmethods=394 adapters=250
 compilation: enabled

Compilation events (10 events):
Event: 0.284 Thread 0x0000000015924000 nmethod 389 0x00000000034c3090 code [0x00000000034c3200, 0x00000000034c3488]
Event: 0.284 Thread 0x0000000015924000  390       3       java.lang.String::lastIndexOf (25 bytes)
Event: 0.284 Thread 0x0000000015924000 nmethod 390 0x00000000034c7d10 code [0x00000000034c7e80, 0x00000000034c8028]
Event: 0.286 Thread 0x0000000015924000  391       3       sun.misc.URLClassPath::access$100 (7 bytes)
Event: 0.286 Thread 0x000000001590f000  392       4       java.lang.String::startsWith (72 bytes)
Event: 0.286 Thread 0x0000000015924000 nmethod 391 0x00000000034c2c90 code [0x00000000034c2e00, 0x00000000034c2f68]
Event: 0.286 Thread 0x0000000015924000  393       3       java.lang.String::equalsIgnoreCase (48 bytes)
Event: 0.287 Thread 0x0000000015924000 nmethod 393 0x00000000034c8150 code [0x00000000034c82c0, 0x00000000034c8628]
Event: 0.287 Thread 0x0000000015924000  394       3       sun.misc.JarIndex::get (49 bytes)
Event: 0.287 Thread 0x0000000015924000 nmethod 394 0x00000000034c8750 code [0x00000000034c8920, 0x00000000034c9198]

GC Heap History (0 events):
No events

Deoptimization events (0 events):
No events

Internal exceptions (10 events):
Event: 0.184 Thread 0x00000000031f3800 Exception <a 'java/security/PrivilegedActionException'> (0x00000000eb3e66a0) thrown at [C:\re\workspace\8-2-build-windows-amd64-cygwin\jdk8u121\8372\hotspot\src\share\vm\prims\jvm.cpp, line 1390]
Event: 0.184 Thread 0x00000000031f3800 Exception <a 'java/security/PrivilegedActionException'> (0x00000000eb3e68b0) thrown at [C:\re\workspace\8-2-build-windows-amd64-cygwin\jdk8u121\8372\hotspot\src\share\vm\prims\jvm.cpp, line 1390]
Event: 0.218 Thread 0x00000000031f3800 Exception <a 'java/lang/NoSuchFieldError': method resolution failed> (0x00000000eb4ca550) thrown at [C:\re\workspace\8-2-build-windows-amd64-cygwin\jdk8u121\8372\hotspot\src\share\vm\prims\methodHandles.cpp, line 1146]
Event: 0.219 Thread 0x00000000031f3800 Exception <a 'java/lang/NoSuchFieldError': method resolution failed> (0x00000000eb4d7ca0) thrown at [C:\re\workspace\8-2-build-windows-amd64-cygwin\jdk8u121\8372\hotspot\src\share\vm\prims\methodHandles.cpp, line 1146]
Event: 0.272 Thread 0x00000000031f3800 Exception <a 'sun/nio/fs/WindowsException'> (0x00000000eb5ef7b8) thrown at [C:\re\workspace\8-2-build-windows-amd64-cygwin\jdk8u121\8372\hotspot\src\share\vm\prims\jni.cpp, line 709]
Event: 0.272 Thread 0x00000000031f3800 Exception <a 'sun/nio/fs/WindowsException'> (0x00000000eb5effa0) thrown at [C:\re\workspace\8-2-build-windows-amd64-cygwin\jdk8u121\8372\hotspot\src\share\vm\prims\jni.cpp, line 709]
Event: 0.273 Thread 0x00000000031f3800 Exception <a 'sun/nio/fs/WindowsException'> (0x00000000eb5f2940) thrown at [C:\re\workspace\8-2-build-windows-amd64-cygwin\jdk8u121\8372\hotspot\src\share\vm\prims\jni.cpp, line 709]
Event: 0.273 Thread 0x00000000031f3800 Exception <a 'sun/nio/fs/WindowsException'> (0x00000000eb5f2e68) thrown at [C:\re\workspace\8-2-build-windows-amd64-cygwin\jdk8u121\8372\hotspot\src\share\vm\prims\jni.cpp, line 709]
Event: 0.273 Thread 0x00000000031f3800 Exception <a 'sun/nio/fs/WindowsException'> (0x00000000eb5f3840) thrown at [C:\re\workspace\8-2-build-windows-amd64-cygwin\jdk8u121\8372\hotspot\src\share\vm\prims\jni.cpp, line 709]
Event: 0.273 Thread 0x00000000031f3800 Exception <a 'sun/nio/fs/WindowsException'> (0x00000000eb5f3cd0) thrown at [C:\re\workspace\8-2-build-windows-amd64-cygwin\jdk8u121\8372\hotspot\src\share\vm\prims\jni.cpp, line 709]

Events (10 events):
Event: 0.283 loading class sun/reflect/UnsafeQualifiedStaticFieldAccessorImpl done
Event: 0.283 loading class sun/reflect/UnsafeQualifiedStaticObjectFieldAccessorImpl done
Event: 0.284 loading class org/lwjgl/system/windows/WinBase
Event: 0.284 loading class org/lwjgl/system/windows/WinBase done
Event: 0.286 loading class org/lwjgl/opengl/GL$1
Event: 0.286 loading class org/lwjgl/opengl/GL$1 done
Event: 0.286 loading class org/lwjgl/opengl/GL$SharedLibraryGL
Event: 0.286 loading class org/lwjgl/opengl/GL$SharedLibraryGL done
Event: 0.287 loading class org/lwjgl/system/SharedLibrary$Delegate
Event: 0.287 loading class org/lwjgl/system/SharedLibrary$Delegate done


Dynamic libraries:
0x00007ff797890000 - 0x00007ff7978c7000 	C:\Program Files\Java\jre1.8.0_121\bin\javaw.exe
0x00007ff9732e0000 - 0x00007ff9734b1000 	C:\WINDOWS\SYSTEM32\ntdll.dll
0x00007ff970d40000 - 0x00007ff970deb000 	C:\WINDOWS\System32\KERNEL32.DLL
0x00007ff96fb00000 - 0x00007ff96fd1d000 	C:\WINDOWS\System32\KERNELBASE.dll
0x00007ff973230000 - 0x00007ff9732d2000 	C:\WINDOWS\System32\ADVAPI32.dll
0x00007ff971120000 - 0x00007ff9711be000 	C:\WINDOWS\System32\msvcrt.dll
0x00007ff970ca0000 - 0x00007ff970cf9000 	C:\WINDOWS\System32\sechost.dll
0x00007ff9730d0000 - 0x00007ff9731f1000 	C:\WINDOWS\System32\RPCRT4.dll
0x00007ff9709c0000 - 0x00007ff970b25000 	C:\WINDOWS\System32\USER32.dll
0x00007ff96fd20000 - 0x00007ff96fd3e000 	C:\WINDOWS\System32\win32u.dll
0x00007ff970d00000 - 0x00007ff970d34000 	C:\WINDOWS\System32\GDI32.dll
0x00007ff96f970000 - 0x00007ff96faf2000 	C:\WINDOWS\System32\gdi32full.dll
0x00007ff95b030000 - 0x00007ff95b2a9000 	C:\WINDOWS\WinSxS\amd64_microsoft.windows.common-controls_6595b64144ccf1df_6.0.14393.447_none_42191651c6827bb3\COMCTL32.dll
0x00007ff9716f0000 - 0x00007ff9719b8000 	C:\WINDOWS\System32\combase.dll
0x00007ff96f7d0000 - 0x00007ff96f8c5000 	C:\WINDOWS\System32\ucrtbase.dll
0x00007ff970420000 - 0x00007ff97048a000 	C:\WINDOWS\System32\bcryptPrimitives.dll
0x00007ff973200000 - 0x00007ff97322e000 	C:\WINDOWS\System32\IMM32.DLL
0x000000005e560000 - 0x000000005e632000 	C:\Program Files\Java\jre1.8.0_121\bin\msvcr100.dll
0x000000005da10000 - 0x000000005e2ab000 	C:\Program Files\Java\jre1.8.0_121\bin\server\jvm.dll
0x00007ff9716e0000 - 0x00007ff9716e8000 	C:\WINDOWS\System32\PSAPI.DLL
0x00007ff9585b0000 - 0x00007ff9585b9000 	C:\WINDOWS\SYSTEM32\WSOCK32.dll
0x00007ff96da00000 - 0x00007ff96da23000 	C:\WINDOWS\SYSTEM32\WINMM.dll
0x00007ff9710b0000 - 0x00007ff97111a000 	C:\WINDOWS\System32\WS2_32.dll
0x00007ff966830000 - 0x00007ff96683a000 	C:\WINDOWS\SYSTEM32\VERSION.dll
0x00007ff96d9d0000 - 0x00007ff96d9fb000 	C:\WINDOWS\SYSTEM32\WINMMBASE.dll
0x00007ff970820000 - 0x00007ff970862000 	C:\WINDOWS\System32\cfgmgr32.dll
0x000000005d920000 - 0x000000005d92f000 	C:\Program Files\Java\jre1.8.0_121\bin\verify.dll
0x000000005d8f0000 - 0x000000005d919000 	C:\Program Files\Java\jre1.8.0_121\bin\java.dll
0x000000005d8d0000 - 0x000000005d8e6000 	C:\Program Files\Java\jre1.8.0_121\bin\zip.dll
0x00007ff971b60000 - 0x00007ff973069000 	C:\WINDOWS\System32\SHELL32.dll
0x00007ff96fd40000 - 0x00007ff97041a000 	C:\WINDOWS\System32\windows.storage.dll
0x00007ff96f770000 - 0x00007ff96f7bc000 	C:\WINDOWS\System32\powrprof.dll
0x00007ff971680000 - 0x00007ff9716d2000 	C:\WINDOWS\System32\shlwapi.dll
0x00007ff96f7c0000 - 0x00007ff96f7cf000 	C:\WINDOWS\System32\kernel.appcore.dll
0x00007ff970490000 - 0x00007ff970539000 	C:\WINDOWS\System32\shcore.dll
0x00007ff96f740000 - 0x00007ff96f754000 	C:\WINDOWS\System32\profapi.dll
0x000000005d8b0000 - 0x000000005d8ca000 	C:\Program Files\Java\jre1.8.0_121\bin\net.dll
0x00007ff96f070000 - 0x00007ff96f0cc000 	C:\WINDOWS\system32\mswsock.dll
0x000000005d890000 - 0x000000005d8a1000 	C:\Program Files\Java\jre1.8.0_121\bin\nio.dll
0x00007ff964dd0000 - 0x00007ff964e27000 	C:\Users\xz258\AppData\Local\Temp\lwjglxz258\3.1.1-build-16\lwjgl.dll
0x00007ff96f230000 - 0x00007ff96f23b000 	C:\WINDOWS\SYSTEM32\CRYPTBASE.DLL
0x00007ff95cd30000 - 0x00007ff95cd8f000 	C:\Users\xz258\AppData\Local\Temp\lwjglxz258\3.1.1-build-16\lwjgl_opengl.dll
0x00007ff95cc00000 - 0x00007ff95cd23000 	C:\WINDOWS\system32\opengl32.dll
0x00007ff965060000 - 0x00007ff96508d000 	C:\WINDOWS\SYSTEM32\GLU32.dll
0x00007ff93cb40000 - 0x00007ff93cc37000 	C:\WINDOWS\SYSTEM32\DDRAW.dll
0x00007ff96d990000 - 0x00007ff96d998000 	C:\WINDOWS\SYSTEM32\DCIMAN32.dll
0x00007ff9626a0000 - 0x00007ff962832000 	C:\WINDOWS\SYSTEM32\dbghelp.dll

VM Arguments:
jvm_args: -Dfile.encoding=Cp1252 
java_command: c2g2.engine.graph.OBJLoader
java_class_path (initial): C:\Users\xz258\OneDrive\academic\spring2017\Computer Graphics\hw\project 1\graphics_hw1\hw1\bin;C:\Users\xz258\OneDrive\academic\spring2017\Computer Graphics\hw\project_1_source_code\pa1_release\lib\joml-1.9.2.jar;C:\Users\xz258\OneDrive\academic\spring2017\Computer Graphics\hw\project_1_source_code\pa1_release\lib\pngj-2.1.1.jar;C:\Users\xz258\Documents\graphics\jars\lwjgl.jar;C:\Users\xz258\Documents\graphics\jars\lwjgl-assimp.jar;C:\Users\xz258\Documents\graphics\jars\lwjgl-assimp-javadoc.jar;C:\Users\xz258\Documents\graphics\jars\lwjgl-assimp-natives-windows.jar;C:\Users\xz258\Documents\graphics\jars\lwjgl-assimp-sources.jar;C:\Users\xz258\Documents\graphics\jars\lwjgl-bgfx.jar;C:\Users\xz258\Documents\graphics\jars\lwjgl-bgfx-javadoc.jar;C:\Users\xz258\Documents\graphics\jars\lwjgl-bgfx-natives-windows.jar;C:\Users\xz258\Documents\graphics\jars\lwjgl-bgfx-sources.jar;C:\Users\xz258\Documents\graphics\jars\lwjgl-egl.jar;C:\Users\xz258\Documents\graphics\jars\lwjgl-egl-javadoc.jar;C:\Users\xz258\Documents\graphics\jars\lwjgl-egl-sources.jar;C:\Users\xz258\Documents\graphics\jars\lwjgl-glfw.jar;C:\Users\xz258\Documents\graphics\jars\lwjgl-glfw-javadoc.jar;C:\Users\xz258\Documents\graphics\jars\lwjgl-glfw-natives-windows.jar;C:\Users\xz258\Documents\graphics\jars\lwjgl-glfw-sources.jar;C:\Users\xz258\Documents\graphics\jars\lwjgl-javadoc.jar;C:\Users\xz258\Documents\graphics\jars\lwjgl-jawt.jar;C:\Users\xz258\Documents\graphics\jars\lwjgl-jawt-javadoc.jar;C:\Users\xz258\Documents\graphics\jars\lwjgl-jawt-sources.jar;C:\Users\xz258\Documents\graphics\jars\lwjgl-jemalloc.jar;C:\Users\xz258\Documents\graphics\jars\lwjgl-jemalloc-javadoc.jar;C:\Users\xz258\Documents\graphics\jars\lwjgl-jemalloc-natives-windows.jar;C:\Users\xz258\Documents\graphics\jars\lwjgl-jemalloc-sources.jar;C:\Users\xz258\Documents\graphics\jars\lwjgl-lmdb.jar;C:\Users\xz258\Documents\graphics\jars\lwjgl-lmdb-javadoc.jar;C:\Users\xz258\Documents\graphics\jars\lwjgl-lmd
Launcher Type: SUN_STANDARD

Environment Variables:
PATH=C:/Program Files/Java/jre1.8.0_121/bin/server;C:/Program Files/Java/jre1.8.0_121/bin;C:/Program Files/Java/jre1.8.0_121/lib/amd64;C:\ProgramData\Oracle\Java\javapath;c:\Program Files\Java\jdk1.8.0_101\bin;C:\WINDOWS\system32;C:\WINDOWS;C:\WINDOWS\System32\Wbem;C:\WINDOWS\System32\WindowsPowerShell\v1.0\;C:\Program Files (x86)\MiKTeX 2.9\miktex\bin\;C:\Program Files (x86)\Skype\Phone\;C:\Program Files (x86)\PharosSystems\Core;C:\Program Files (x86)\GtkSharp\2.12\bin;C:\WINDOWS\system32\config\systemprofile\.dnx\bin;C:\Program Files\Microsoft DNX\Dnvm\;C:\Program Files\Microsoft SQL Server\130\Tools\Binn\;C:\Program Files (x86)\Windows Kits\8.1\Windows Performance Toolkit\;C:\ProgramData\Oracle\Java\javapath;c:\Program Files\Java\jdk1.8.0_101\bin;C:\WINDOWS\system32;C:\WINDOWS;C:\WINDOWS\System32\Wbem;C:\WINDOWS\System32\WindowsPowerShell\v1.0\;C:\Program Files (x86)\MiKTeX 2.9\miktex\bin\;C:\Program Files (x86)\Skype\Phone\;C:\Program Files (x86)\PharosSystems\Core;C:\Program Files (x86)\GtkSharp\2.12\bin;C:\WINDOWS\system32\config\systemprofile\.dnx\bin;C:\Program Files\Microsoft DNX\Dnvm\;C:\Program Files\Microsoft SQL Server\130\Tools\Binn\;C:\Program Files (x86)\Windows Kits\8.1\Windows Performance Toolkit\;C:\Users\xz258\AppData\Local\Microsoft\WindowsApps;;C:\Python27\Scripts;C:\Users\xz258\Desktop;
USERNAME=xz258
OS=Windows_NT
PROCESSOR_IDENTIFIER=Intel64 Family 6 Model 78 Stepping 3, GenuineIntel



---------------  S Y S T E M  ---------------

OS: Windows 10.0 , 64 bit Build 14393 (10.0.14393.0)

CPU:total 4 (2 cores per cpu, 2 threads per core) family 6 model 78 stepping 3, cmov, cx8, fxsr, mmx, sse, sse2, sse3, ssse3, sse4.1, sse4.2, popcnt, avx, avx2, aes, clmul, erms, rtm, 3dnowpref, lzcnt, ht, tsc, tscinvbit, bmi1, bmi2, adx

Memory: 4k page, physical 4118656k(677992k free), swap 9623680k(3036908k free)

vm_info: Java HotSpot(TM) 64-Bit Server VM (25.121-b13) for windows-amd64 JRE (1.8.0_121-b13), built on Dec 12 2016 18:21:36 by "java_re" with MS VC++ 10.0 (VS2010)

time: Sat Feb 18 18:03:26 2017
elapsed time: 0 seconds (0d 0h 0m 0s)

