#
# A fatal error has been detected by the Java Runtime Environment:
#
#  EXCEPTION_ACCESS_VIOLATION (0xc0000005) at pc=0x00007ff95cd3862d, pid=11176, tid=0x0000000000002fec
#
# JRE version: Java(TM) SE Runtime Environment (8.0_121-b13) (build 1.8.0_121-b13)
# Java VM: Java HotSpot(TM) 64-Bit Server VM (25.121-b13 mixed mode windows-amd64 compressed oops)
# Problematic frame:
# C  [lwjgl_opengl.dll+0x862d]
#
# Failed to write core dump. Minidumps are not enabled by default on client versions of Windows
#
# If you would like to submit a bug report, please visit:
#   http://bugreport.java.com/bugreport/crash.jsp
# The crash happened outside the Java Virtual Machine in native code.
# See problematic frame for where to report the bug.
#

---------------  T H R E A D  ---------------

Current thread (0x00000000023c3800):  JavaThread "main" [_thread_in_native, id=12268, stack(0x0000000002270000,0x0000000002370000)]

siginfo: ExceptionCode=0xc0000005, reading address 0x0000000000000f18

Registers:
RAX=0x000000005e1afd50, RBX=0x00000000146245b8, RCX=0x0000000000000001, RDX=0x0000000016d37fac
RSP=0x000000000236f458, RBP=0x000000000236f4d8, RSI=0x0000000000000100, RDI=0x0000000002587e70
R8 =0x0000000000000001, R9 =0x0000000016d37fac, R10=0x0000000000000000, R11=0x000000005dc3b820
R12=0x0000000000000000, R13=0x00000000146245b8, R14=0x000000000236f508, R15=0x00000000023c3800
RIP=0x00007ff95cd3862d, EFLAGS=0x0000000000010206

Top of Stack: (sp=0x000000000236f458)
0x000000000236f458:   0000000002597f74 0000000002587e70
0x000000000236f468:   0000000002597ceb 00000000023c3800
0x000000000236f478:   00000000146245b8 0000000000000100
0x000000000236f488:   00000000023c3800 0000000002597ca2
0x000000000236f498:   000000000236f498 00000000146245b8
0x000000000236f4a8:   000000000236f508 000000001462cd08
0x000000000236f4b8:   0000000000000000 00000000146245b8
0x000000000236f4c8:   0000000000000000 000000000236f4f8
0x000000000236f4d8:   000000000236f550 000000000258835d
0x000000000236f4e8:   00000000eb356058 00000000025919d8
0x000000000236f4f8:   0000000016d37fac 00000000eb69a848
0x000000000236f508:   0000000000000001 000000000236f510
0x000000000236f518:   000000001462470c 000000000236f580
0x000000000236f528:   000000001462cd08 0000000000000000
0x000000000236f538:   0000000014624770 000000000236f4f8
0x000000000236f548:   000000000236f588 000000000236f5d0 

Instructions: (pc=0x00007ff95cd3862d)
0x00007ff95cd3860d:   49 ff a2 f0 09 00 00 cc cc cc cc cc cc cc cc cc
0x00007ff95cd3861d:   cc cc cc 48 8b 01 49 8b d1 41 8b c8 4c 8b 50 18
0x00007ff95cd3862d:   49 ff a2 18 0f 00 00 cc cc cc cc cc cc cc cc cc
0x00007ff95cd3863d:   cc cc cc 48 8b 01 48 8b 48 18 48 8b 81 c0 1b 00 


Register to memory mapping:

RAX=0x000000005e1afd50 is an unknown value
RBX={method} {0x00000000146245c0} 'nglGenVertexArrays' '(IJ)V' in 'org/lwjgl/opengl/GL30'
RCX=0x0000000000000001 is an unknown value
RDX=0x0000000016d37fac is an unknown value
RSP=0x000000000236f458 is pointing into the stack for thread: 0x00000000023c3800
RBP=0x000000000236f4d8 is pointing into the stack for thread: 0x00000000023c3800
RSI=0x0000000000000100 is an unknown value
RDI=0x0000000002587e70 is at code_begin+1040 in an Interpreter codelet
invoke return entry points  [0x0000000002587a60, 0x0000000002588440]  2528 bytes
R8 =0x0000000000000001 is an unknown value
R9 =0x0000000016d37fac is an unknown value
R10=0x0000000000000000 is an unknown value
R11=0x000000005dc3b820 is an unknown value
R12=0x0000000000000000 is an unknown value
R13={method} {0x00000000146245c0} 'nglGenVertexArrays' '(IJ)V' in 'org/lwjgl/opengl/GL30'
R14=0x000000000236f508 is pointing into the stack for thread: 0x00000000023c3800
R15=0x00000000023c3800 is a thread


Stack: [0x0000000002270000,0x0000000002370000],  sp=0x000000000236f458,  free space=1021k
Native frames: (J=compiled Java code, j=interpreted, Vv=VM code, C=native code)
C  [lwjgl_opengl.dll+0x862d]

Java frames: (J=compiled Java code, j=interpreted, Vv=VM code)
j  org.lwjgl.opengl.GL30.nglGenVertexArrays(IJ)V+0
j  org.lwjgl.opengl.GL30.glGenVertexArrays()I+20
j  c2g2.engine.graph.Mesh.setMesh([F[F[F[I)V+114
j  c2g2.engine.graph.Mesh.<init>([F[F[F[I)V+10
j  c2g2.engine.graph.OBJLoader.loadMesh_2(Ljava/lang/String;)Lc2g2/engine/graph/Mesh;+737
j  c2g2.engine.graph.OBJLoader.main([Ljava/lang/String;)V+10
v  ~StubRoutines::call_stub

---------------  P R O C E S S  ---------------

Java Threads: ( => current thread )
  0x0000000014bfe800 JavaThread "Service Thread" daemon [_thread_blocked, id=6696, stack(0x00000000168f0000,0x00000000169f0000)]
  0x0000000014bae800 JavaThread "C1 CompilerThread2" daemon [_thread_blocked, id=1976, stack(0x00000000163f0000,0x00000000164f0000)]
  0x0000000014ba5800 JavaThread "C2 CompilerThread1" daemon [_thread_blocked, id=3416, stack(0x00000000162f0000,0x00000000163f0000)]
  0x0000000014b9f800 JavaThread "C2 CompilerThread0" daemon [_thread_blocked, id=716, stack(0x00000000161f0000,0x00000000162f0000)]
  0x0000000014b9d800 JavaThread "Attach Listener" daemon [_thread_blocked, id=8008, stack(0x00000000160f0000,0x00000000161f0000)]
  0x0000000014b9c800 JavaThread "Signal Dispatcher" daemon [_thread_blocked, id=11432, stack(0x0000000015ff0000,0x00000000160f0000)]
  0x0000000014b8a800 JavaThread "Finalizer" daemon [_thread_blocked, id=6096, stack(0x0000000015e00000,0x0000000015f00000)]
  0x00000000024b3000 JavaThread "Reference Handler" daemon [_thread_blocked, id=5304, stack(0x0000000015d00000,0x0000000015e00000)]
=>0x00000000023c3800 JavaThread "main" [_thread_in_native, id=12268, stack(0x0000000002270000,0x0000000002370000)]

Other Threads:
  0x0000000014b68000 VMThread [stack: 0x0000000015c00000,0x0000000015d00000] [id=3940]
  0x0000000016537800 WatcherThread [stack: 0x00000000169f0000,0x0000000016af0000] [id=11528]

VM state:not at safepoint (normal execution)

VM Mutex/Monitor currently owned by a thread: None

Heap:
 PSYoungGen      total 18944K, used 5970K [0x00000000eb100000, 0x00000000ec600000, 0x0000000100000000)
  eden space 16384K, 36% used [0x00000000eb100000,0x00000000eb6d4b90,0x00000000ec100000)
  from space 2560K, 0% used [0x00000000ec380000,0x00000000ec380000,0x00000000ec600000)
  to   space 2560K, 0% used [0x00000000ec100000,0x00000000ec100000,0x00000000ec380000)
 ParOldGen       total 44032K, used 0K [0x00000000c1200000, 0x00000000c3d00000, 0x00000000eb100000)
  object space 44032K, 0% used [0x00000000c1200000,0x00000000c1200000,0x00000000c3d00000)
 Metaspace       used 5311K, capacity 5448K, committed 5632K, reserved 1056768K
  class space    used 596K, capacity 666K, committed 768K, reserved 1048576K

Card table byte_map: [0x0000000011940000,0x0000000011b40000] byte_map_base: 0x0000000011337000

Marking Bits: (ParMarkBitMap*) 0x000000005e22b6d0
 Begin Bits: [0x0000000012090000, 0x0000000013048000)
 End Bits:   [0x0000000013048000, 0x0000000014000000)

Polling page: 0x0000000000a60000

CodeCache: size=245760Kb used=1916Kb max_used=1924Kb free=243843Kb
 bounds [0x0000000002580000, 0x00000000027f0000, 0x0000000011580000]
 total_blobs=738 nmethods=400 adapters=251
 compilation: enabled

Compilation events (10 events):
Event: 0.296 Thread 0x0000000014bae800 nmethod 395 0x000000000275d790 code [0x000000000275d9a0, 0x000000000275e4a8]
Event: 0.296 Thread 0x0000000014bae800  397       3       java.lang.String::lastIndexOf (11 bytes)
Event: 0.296 Thread 0x0000000014bae800 nmethod 397 0x000000000275d250 code [0x000000000275d3c0, 0x000000000275d648]
Event: 0.296 Thread 0x0000000014bae800  398       3       java.lang.String::lastIndexOf (25 bytes)
Event: 0.296 Thread 0x0000000014bae800 nmethod 398 0x000000000275ce10 code [0x000000000275cf80, 0x000000000275d128]
Event: 0.298 Thread 0x0000000014bae800  399       3       sun.misc.URLClassPath::access$100 (7 bytes)
Event: 0.298 Thread 0x0000000014bae800 nmethod 399 0x000000000275ca50 code [0x000000000275cbc0, 0x000000000275cd28]
Event: 0.298 Thread 0x0000000014ba5800 nmethod 396 0x000000000275c610 code [0x000000000275c760, 0x000000000275c918]
Event: 0.299 Thread 0x0000000014bae800  400       3       sun.misc.JarIndex::get (49 bytes)
Event: 0.299 Thread 0x0000000014bae800 nmethod 400 0x0000000002761590 code [0x0000000002761760, 0x0000000002761fd8]

GC Heap History (0 events):
No events

Deoptimization events (0 events):
No events

Internal exceptions (10 events):
Event: 0.186 Thread 0x00000000023c3800 Exception <a 'java/security/PrivilegedActionException'> (0x00000000eb406728) thrown at [C:\re\workspace\8-2-build-windows-amd64-cygwin\jdk8u121\8372\hotspot\src\share\vm\prims\jvm.cpp, line 1390]
Event: 0.186 Thread 0x00000000023c3800 Exception <a 'java/security/PrivilegedActionException'> (0x00000000eb406938) thrown at [C:\re\workspace\8-2-build-windows-amd64-cygwin\jdk8u121\8372\hotspot\src\share\vm\prims\jvm.cpp, line 1390]
Event: 0.219 Thread 0x00000000023c3800 Exception <a 'java/lang/NoSuchFieldError': method resolution failed> (0x00000000eb4eae98) thrown at [C:\re\workspace\8-2-build-windows-amd64-cygwin\jdk8u121\8372\hotspot\src\share\vm\prims\methodHandles.cpp, line 1146]
Event: 0.222 Thread 0x00000000023c3800 Exception <a 'java/lang/NoSuchFieldError': method resolution failed> (0x00000000eb4f85b8) thrown at [C:\re\workspace\8-2-build-windows-amd64-cygwin\jdk8u121\8372\hotspot\src\share\vm\prims\methodHandles.cpp, line 1146]
Event: 0.284 Thread 0x00000000023c3800 Exception <a 'sun/nio/fs/WindowsException'> (0x00000000eb60f620) thrown at [C:\re\workspace\8-2-build-windows-amd64-cygwin\jdk8u121\8372\hotspot\src\share\vm\prims\jni.cpp, line 709]
Event: 0.284 Thread 0x00000000023c3800 Exception <a 'sun/nio/fs/WindowsException'> (0x00000000eb60fe08) thrown at [C:\re\workspace\8-2-build-windows-amd64-cygwin\jdk8u121\8372\hotspot\src\share\vm\prims\jni.cpp, line 709]
Event: 0.285 Thread 0x00000000023c3800 Exception <a 'sun/nio/fs/WindowsException'> (0x00000000eb6127a8) thrown at [C:\re\workspace\8-2-build-windows-amd64-cygwin\jdk8u121\8372\hotspot\src\share\vm\prims\jni.cpp, line 709]
Event: 0.285 Thread 0x00000000023c3800 Exception <a 'sun/nio/fs/WindowsException'> (0x00000000eb612cd0) thrown at [C:\re\workspace\8-2-build-windows-amd64-cygwin\jdk8u121\8372\hotspot\src\share\vm\prims\jni.cpp, line 709]
Event: 0.285 Thread 0x00000000023c3800 Exception <a 'sun/nio/fs/WindowsException'> (0x00000000eb6136a8) thrown at [C:\re\workspace\8-2-build-windows-amd64-cygwin\jdk8u121\8372\hotspot\src\share\vm\prims\jni.cpp, line 709]
Event: 0.285 Thread 0x00000000023c3800 Exception <a 'sun/nio/fs/WindowsException'> (0x00000000eb613b38) thrown at [C:\re\workspace\8-2-build-windows-amd64-cygwin\jdk8u121\8372\hotspot\src\share\vm\prims\jni.cpp, line 709]

Events (10 events):
Event: 0.295 loading class sun/reflect/UnsafeQualifiedStaticFieldAccessorImpl done
Event: 0.295 loading class sun/reflect/UnsafeQualifiedStaticObjectFieldAccessorImpl done
Event: 0.296 loading class org/lwjgl/system/windows/WinBase
Event: 0.296 loading class org/lwjgl/system/windows/WinBase done
Event: 0.298 loading class org/lwjgl/opengl/GL$1
Event: 0.298 loading class org/lwjgl/opengl/GL$1 done
Event: 0.298 loading class org/lwjgl/opengl/GL$SharedLibraryGL
Event: 0.298 loading class org/lwjgl/opengl/GL$SharedLibraryGL done
Event: 0.299 loading class org/lwjgl/system/SharedLibrary$Delegate
Event: 0.299 loading class org/lwjgl/system/SharedLibrary$Delegate done


Dynamic libraries:
0x00007ff797890000 - 0x00007ff7978c7000 	C:\Program Files\Java\jre1.8.0_121\bin\javaw.exe
0x00007ff9732e0000 - 0x00007ff9734b1000 	C:\WINDOWS\SYSTEM32\ntdll.dll
0x00007ff970d40000 - 0x00007ff970deb000 	C:\WINDOWS\System32\KERNEL32.DLL
0x00007ff96fb00000 - 0x00007ff96fd1d000 	C:\WINDOWS\System32\KERNELBASE.dll
0x00007ff973230000 - 0x00007ff9732d2000 	C:\WINDOWS\System32\ADVAPI32.dll
0x00007ff971120000 - 0x00007ff9711be000 	C:\WINDOWS\System32\msvcrt.dll
0x00007ff970ca0000 - 0x00007ff970cf9000 	C:\WINDOWS\System32\sechost.dll
0x00007ff9730d0000 - 0x00007ff9731f1000 	C:\WINDOWS\System32\RPCRT4.dll
0x00007ff9709c0000 - 0x00007ff970b25000 	C:\WINDOWS\System32\USER32.dll
0x00007ff96fd20000 - 0x00007ff96fd3e000 	C:\WINDOWS\System32\win32u.dll
0x00007ff970d00000 - 0x00007ff970d34000 	C:\WINDOWS\System32\GDI32.dll
0x00007ff96f970000 - 0x00007ff96faf2000 	C:\WINDOWS\System32\gdi32full.dll
0x00007ff95b030000 - 0x00007ff95b2a9000 	C:\WINDOWS\WinSxS\amd64_microsoft.windows.common-controls_6595b64144ccf1df_6.0.14393.447_none_42191651c6827bb3\COMCTL32.dll
0x00007ff9716f0000 - 0x00007ff9719b8000 	C:\WINDOWS\System32\combase.dll
0x00007ff96f7d0000 - 0x00007ff96f8c5000 	C:\WINDOWS\System32\ucrtbase.dll
0x00007ff970420000 - 0x00007ff97048a000 	C:\WINDOWS\System32\bcryptPrimitives.dll
0x00007ff973200000 - 0x00007ff97322e000 	C:\WINDOWS\System32\IMM32.DLL
0x000000005e560000 - 0x000000005e632000 	C:\Program Files\Java\jre1.8.0_121\bin\msvcr100.dll
0x000000005da10000 - 0x000000005e2ab000 	C:\Program Files\Java\jre1.8.0_121\bin\server\jvm.dll
0x00007ff9716e0000 - 0x00007ff9716e8000 	C:\WINDOWS\System32\PSAPI.DLL
0x00007ff9585b0000 - 0x00007ff9585b9000 	C:\WINDOWS\SYSTEM32\WSOCK32.dll
0x00007ff96da00000 - 0x00007ff96da23000 	C:\WINDOWS\SYSTEM32\WINMM.dll
0x00007ff9710b0000 - 0x00007ff97111a000 	C:\WINDOWS\System32\WS2_32.dll
0x00007ff966830000 - 0x00007ff96683a000 	C:\WINDOWS\SYSTEM32\VERSION.dll
0x00007ff96d9d0000 - 0x00007ff96d9fb000 	C:\WINDOWS\SYSTEM32\WINMMBASE.dll
0x00007ff970820000 - 0x00007ff970862000 	C:\WINDOWS\System32\cfgmgr32.dll
0x000000005d920000 - 0x000000005d92f000 	C:\Program Files\Java\jre1.8.0_121\bin\verify.dll
0x000000005d8f0000 - 0x000000005d919000 	C:\Program Files\Java\jre1.8.0_121\bin\java.dll
0x000000005d8d0000 - 0x000000005d8e6000 	C:\Program Files\Java\jre1.8.0_121\bin\zip.dll
0x00007ff971b60000 - 0x00007ff973069000 	C:\WINDOWS\System32\SHELL32.dll
0x00007ff96fd40000 - 0x00007ff97041a000 	C:\WINDOWS\System32\windows.storage.dll
0x00007ff96f770000 - 0x00007ff96f7bc000 	C:\WINDOWS\System32\powrprof.dll
0x00007ff971680000 - 0x00007ff9716d2000 	C:\WINDOWS\System32\shlwapi.dll
0x00007ff96f7c0000 - 0x00007ff96f7cf000 	C:\WINDOWS\System32\kernel.appcore.dll
0x00007ff970490000 - 0x00007ff970539000 	C:\WINDOWS\System32\shcore.dll
0x00007ff96f740000 - 0x00007ff96f754000 	C:\WINDOWS\System32\profapi.dll
0x000000005d8b0000 - 0x000000005d8ca000 	C:\Program Files\Java\jre1.8.0_121\bin\net.dll
0x00007ff96f070000 - 0x00007ff96f0cc000 	C:\WINDOWS\system32\mswsock.dll
0x000000005d890000 - 0x000000005d8a1000 	C:\Program Files\Java\jre1.8.0_121\bin\nio.dll
0x00007ff964dd0000 - 0x00007ff964e27000 	C:\Users\xz258\AppData\Local\Temp\lwjglxz258\3.1.1-build-16\lwjgl.dll
0x00007ff96f230000 - 0x00007ff96f23b000 	C:\WINDOWS\SYSTEM32\CRYPTBASE.DLL
0x00007ff95cd30000 - 0x00007ff95cd8f000 	C:\Users\xz258\AppData\Local\Temp\lwjglxz258\3.1.1-build-16\lwjgl_opengl.dll
0x00007ff95cc00000 - 0x00007ff95cd23000 	C:\WINDOWS\system32\opengl32.dll
0x00007ff965040000 - 0x00007ff96506d000 	C:\WINDOWS\SYSTEM32\GLU32.dll
0x00007ff93edc0000 - 0x00007ff93eeb7000 	C:\WINDOWS\SYSTEM32\DDRAW.dll
0x00007ff96d990000 - 0x00007ff96d998000 	C:\WINDOWS\SYSTEM32\DCIMAN32.dll
0x00007ff9626a0000 - 0x00007ff962832000 	C:\WINDOWS\SYSTEM32\dbghelp.dll

VM Arguments:
jvm_args: -Dfile.encoding=Cp1252 
java_command: c2g2.engine.graph.OBJLoader
java_class_path (initial): C:\Users\xz258\OneDrive\academic\spring2017\Computer Graphics\hw\project 1\graphics_hw1\hw1\bin;C:\Users\xz258\OneDrive\academic\spring2017\Computer Graphics\hw\project_1_source_code\pa1_release\lib\joml-1.9.2.jar;C:\Users\xz258\OneDrive\academic\spring2017\Computer Graphics\hw\project_1_source_code\pa1_release\lib\pngj-2.1.1.jar;C:\Users\xz258\Documents\graphics\jars\lwjgl.jar;C:\Users\xz258\Documents\graphics\jars\lwjgl-assimp.jar;C:\Users\xz258\Documents\graphics\jars\lwjgl-assimp-javadoc.jar;C:\Users\xz258\Documents\graphics\jars\lwjgl-assimp-natives-windows.jar;C:\Users\xz258\Documents\graphics\jars\lwjgl-assimp-sources.jar;C:\Users\xz258\Documents\graphics\jars\lwjgl-bgfx.jar;C:\Users\xz258\Documents\graphics\jars\lwjgl-bgfx-javadoc.jar;C:\Users\xz258\Documents\graphics\jars\lwjgl-bgfx-natives-windows.jar;C:\Users\xz258\Documents\graphics\jars\lwjgl-bgfx-sources.jar;C:\Users\xz258\Documents\graphics\jars\lwjgl-egl.jar;C:\Users\xz258\Documents\graphics\jars\lwjgl-egl-javadoc.jar;C:\Users\xz258\Documents\graphics\jars\lwjgl-egl-sources.jar;C:\Users\xz258\Documents\graphics\jars\lwjgl-glfw.jar;C:\Users\xz258\Documents\graphics\jars\lwjgl-glfw-javadoc.jar;C:\Users\xz258\Documents\graphics\jars\lwjgl-glfw-natives-windows.jar;C:\Users\xz258\Documents\graphics\jars\lwjgl-glfw-sources.jar;C:\Users\xz258\Documents\graphics\jars\lwjgl-javadoc.jar;C:\Users\xz258\Documents\graphics\jars\lwjgl-jawt.jar;C:\Users\xz258\Documents\graphics\jars\lwjgl-jawt-javadoc.jar;C:\Users\xz258\Documents\graphics\jars\lwjgl-jawt-sources.jar;C:\Users\xz258\Documents\graphics\jars\lwjgl-jemalloc.jar;C:\Users\xz258\Documents\graphics\jars\lwjgl-jemalloc-javadoc.jar;C:\Users\xz258\Documents\graphics\jars\lwjgl-jemalloc-natives-windows.jar;C:\Users\xz258\Documents\graphics\jars\lwjgl-jemalloc-sources.jar;C:\Users\xz258\Documents\graphics\jars\lwjgl-lmdb.jar;C:\Users\xz258\Documents\graphics\jars\lwjgl-lmdb-javadoc.jar;C:\Users\xz258\Documents\graphics\jars\lwjgl-lmd
Launcher Type: SUN_STANDARD

Environment Variables:
PATH=C:/Program Files/Java/jre1.8.0_121/bin/server;C:/Program Files/Java/jre1.8.0_121/bin;C:/Program Files/Java/jre1.8.0_121/lib/amd64;C:\ProgramData\Oracle\Java\javapath;c:\Program Files\Java\jdk1.8.0_101\bin;C:\WINDOWS\system32;C:\WINDOWS;C:\WINDOWS\System32\Wbem;C:\WINDOWS\System32\WindowsPowerShell\v1.0\;C:\Program Files (x86)\MiKTeX 2.9\miktex\bin\;C:\Program Files (x86)\Skype\Phone\;C:\Program Files (x86)\PharosSystems\Core;C:\Program Files (x86)\GtkSharp\2.12\bin;C:\WINDOWS\system32\config\systemprofile\.dnx\bin;C:\Program Files\Microsoft DNX\Dnvm\;C:\Program Files\Microsoft SQL Server\130\Tools\Binn\;C:\Program Files (x86)\Windows Kits\8.1\Windows Performance Toolkit\;C:\ProgramData\Oracle\Java\javapath;c:\Program Files\Java\jdk1.8.0_101\bin;C:\WINDOWS\system32;C:\WINDOWS;C:\WINDOWS\System32\Wbem;C:\WINDOWS\System32\WindowsPowerShell\v1.0\;C:\Program Files (x86)\MiKTeX 2.9\miktex\bin\;C:\Program Files (x86)\Skype\Phone\;C:\Program Files (x86)\PharosSystems\Core;C:\Program Files (x86)\GtkSharp\2.12\bin;C:\WINDOWS\system32\config\systemprofile\.dnx\bin;C:\Program Files\Microsoft DNX\Dnvm\;C:\Program Files\Microsoft SQL Server\130\Tools\Binn\;C:\Program Files (x86)\Windows Kits\8.1\Windows Performance Toolkit\;C:\Users\xz258\AppData\Local\Microsoft\WindowsApps;;C:\Python27\Scripts;C:\Users\xz258\Desktop;
USERNAME=xz258
OS=Windows_NT
PROCESSOR_IDENTIFIER=Intel64 Family 6 Model 78 Stepping 3, GenuineIntel



---------------  S Y S T E M  ---------------

OS: Windows 10.0 , 64 bit Build 14393 (10.0.14393.0)

CPU:total 4 (2 cores per cpu, 2 threads per core) family 6 model 78 stepping 3, cmov, cx8, fxsr, mmx, sse, sse2, sse3, ssse3, sse4.1, sse4.2, popcnt, avx, avx2, aes, clmul, erms, rtm, 3dnowpref, lzcnt, ht, tsc, tscinvbit, bmi1, bmi2, adx

Memory: 4k page, physical 4118656k(1023648k free), swap 9623680k(3348624k free)

vm_info: Java HotSpot(TM) 64-Bit Server VM (25.121-b13) for windows-amd64 JRE (1.8.0_121-b13), built on Dec 12 2016 18:21:36 by "java_re" with MS VC++ 10.0 (VS2010)

time: Sat Feb 18 17:56:24 2017
elapsed time: 0 seconds (0d 0h 0m 0s)

