#
# A fatal error has been detected by the Java Runtime Environment:
#
#  EXCEPTION_ACCESS_VIOLATION (0xc0000005) at pc=0x00007ff95cbf862d, pid=5720, tid=0x0000000000001954
#
# JRE version: Java(TM) SE Runtime Environment (8.0_121-b13) (build 1.8.0_121-b13)
# Java VM: Java HotSpot(TM) 64-Bit Server VM (25.121-b13 mixed mode windows-amd64 compressed oops)
# Problematic frame:
# C  [lwjgl_opengl.dll+0x862d]
#
# Failed to write core dump. Minidumps are not enabled by default on client versions of Windows
#
# If you would like to submit a bug report, please visit:
#   http://bugreport.java.com/bugreport/crash.jsp
# The crash happened outside the Java Virtual Machine in native code.
# See problematic frame for where to report the bug.
#

---------------  T H R E A D  ---------------

Current thread (0x00000000030e3800):  JavaThread "main" [_thread_in_native, id=6484, stack(0x0000000001880000,0x0000000001980000)]

siginfo: ExceptionCode=0xc0000005, reading address 0x0000000000000f18

Registers:
RAX=0x000000005e1afd50, RBX=0x00000000153e4180, RCX=0x0000000000000001, RDX=0x00000000184521dc
RSP=0x000000000197f3c8, RBP=0x000000000197f448, RSI=0x0000000000001230, RDI=0x00000000034a7e70
R8 =0x0000000000000001, R9 =0x00000000184521dc, R10=0x0000000000000000, R11=0x000000005dc3b820
R12=0x0000000000000000, R13=0x00000000153e4180, R14=0x000000000197f478, R15=0x00000000030e3800
RIP=0x00007ff95cbf862d, EFLAGS=0x0000000000010206

Top of Stack: (sp=0x000000000197f3c8)
0x000000000197f3c8:   00000000034b7f74 00000000034a7e70
0x000000000197f3d8:   00000000034b7ceb 00000000030e3800
0x000000000197f3e8:   00000000153e4180 0000000000001230
0x000000000197f3f8:   00000000030e3800 00000000034b7ca2
0x000000000197f408:   000000000197f408 00000000153e4180
0x000000000197f418:   000000000197f478 00000000153ec8d0
0x000000000197f428:   0000000000000000 00000000153e4180
0x000000000197f438:   0000000000000000 000000000197f468
0x000000000197f448:   000000000197f4c0 00000000034a835d
0x000000000197f458:   00000000ec6be0e0 00000000034b19d8
0x000000000197f468:   00000000184521dc 00000000eca8cc50
0x000000000197f478:   0000000000000001 000000000197f480
0x000000000197f488:   00000000153e42d4 000000000197f4f0
0x000000000197f498:   00000000153ec8d0 0000000000000000
0x000000000197f4a8:   00000000153e4338 000000000197f468
0x000000000197f4b8:   000000000197f4f8 000000000197f540 

Instructions: (pc=0x00007ff95cbf862d)
0x00007ff95cbf860d:   49 ff a2 f0 09 00 00 cc cc cc cc cc cc cc cc cc
0x00007ff95cbf861d:   cc cc cc 48 8b 01 49 8b d1 41 8b c8 4c 8b 50 18
0x00007ff95cbf862d:   49 ff a2 18 0f 00 00 cc cc cc cc cc cc cc cc cc
0x00007ff95cbf863d:   cc cc cc 48 8b 01 48 8b 48 18 48 8b 81 c0 1b 00 


Register to memory mapping:

RAX=0x000000005e1afd50 is an unknown value
RBX={method} {0x00000000153e4188} 'nglGenVertexArrays' '(IJ)V' in 'org/lwjgl/opengl/GL30'
RCX=0x0000000000000001 is an unknown value
RDX=0x00000000184521dc is an unknown value
RSP=0x000000000197f3c8 is pointing into the stack for thread: 0x00000000030e3800
RBP=0x000000000197f448 is pointing into the stack for thread: 0x00000000030e3800
RSI=0x0000000000001230 is an unknown value
RDI=0x00000000034a7e70 is at code_begin+1040 in an Interpreter codelet
invoke return entry points  [0x00000000034a7a60, 0x00000000034a8440]  2528 bytes
R8 =0x0000000000000001 is an unknown value
R9 =0x00000000184521dc is an unknown value
R10=0x0000000000000000 is an unknown value
R11=0x000000005dc3b820 is an unknown value
R12=0x0000000000000000 is an unknown value
R13={method} {0x00000000153e4188} 'nglGenVertexArrays' '(IJ)V' in 'org/lwjgl/opengl/GL30'
R14=0x000000000197f478 is pointing into the stack for thread: 0x00000000030e3800
R15=0x00000000030e3800 is a thread


Stack: [0x0000000001880000,0x0000000001980000],  sp=0x000000000197f3c8,  free space=1020k
Native frames: (J=compiled Java code, j=interpreted, Vv=VM code, C=native code)
C  [lwjgl_opengl.dll+0x862d]

Java frames: (J=compiled Java code, j=interpreted, Vv=VM code)
j  org.lwjgl.opengl.GL30.nglGenVertexArrays(IJ)V+0
j  org.lwjgl.opengl.GL30.glGenVertexArrays()I+20
j  c2g2.engine.graph.Mesh.setMesh([F[F[F[I)V+114
j  c2g2.engine.graph.Mesh.<init>([F[F[F[I)V+10
j  c2g2.engine.graph.OBJLoader.loadMesh(Ljava/lang/String;)Lc2g2/engine/graph/Mesh;+635
j  c2g2.engine.graph.OBJLoader.main([Ljava/lang/String;)V+2
v  ~StubRoutines::call_stub

---------------  P R O C E S S  ---------------

Java Threads: ( => current thread )
  0x0000000017300800 JavaThread "Service Thread" daemon [_thread_blocked, id=10600, stack(0x00000000176c0000,0x00000000177c0000)]
  0x000000001597c000 JavaThread "C1 CompilerThread2" daemon [_thread_blocked, id=8624, stack(0x00000000171c0000,0x00000000172c0000)]
  0x0000000015979000 JavaThread "C2 CompilerThread1" daemon [_thread_blocked, id=1072, stack(0x00000000170c0000,0x00000000171c0000)]
  0x000000001596e800 JavaThread "C2 CompilerThread0" daemon [_thread_blocked, id=6708, stack(0x0000000016fc0000,0x00000000170c0000)]
  0x000000001596c800 JavaThread "Attach Listener" daemon [_thread_blocked, id=4596, stack(0x0000000016ec0000,0x0000000016fc0000)]
  0x000000001596b800 JavaThread "Signal Dispatcher" daemon [_thread_blocked, id=12152, stack(0x0000000016dc0000,0x0000000016ec0000)]
  0x000000001595a800 JavaThread "Finalizer" daemon [_thread_blocked, id=2520, stack(0x0000000016bd0000,0x0000000016cd0000)]
  0x0000000015939000 JavaThread "Reference Handler" daemon [_thread_blocked, id=5416, stack(0x0000000016ad0000,0x0000000016bd0000)]
=>0x00000000030e3800 JavaThread "main" [_thread_in_native, id=6484, stack(0x0000000001880000,0x0000000001980000)]

Other Threads:
  0x0000000015938000 VMThread [stack: 0x00000000169d0000,0x0000000016ad0000] [id=11604]
  0x0000000017306000 WatcherThread [stack: 0x00000000177c0000,0x00000000178c0000] [id=3588]

VM state:not at safepoint (normal execution)

VM Mutex/Monitor currently owned by a thread: None

Heap:
 PSYoungGen      total 144896K, used 29265K [0x00000000eb100000, 0x00000000f4e00000, 0x0000000100000000)
  eden space 131072K, 20% used [0x00000000eb100000,0x00000000ecb1c630,0x00000000f3100000)
  from space 13824K, 18% used [0x00000000f4080000,0x00000000f42f8038,0x00000000f4e00000)
  to   space 14848K, 0% used [0x00000000f3100000,0x00000000f3100000,0x00000000f3f80000)
 ParOldGen       total 44032K, used 15361K [0x00000000c1200000, 0x00000000c3d00000, 0x00000000eb100000)
  object space 44032K, 34% used [0x00000000c1200000,0x00000000c2100548,0x00000000c3d00000)
 Metaspace       used 5178K, capacity 5288K, committed 5504K, reserved 1056768K
  class space    used 573K, capacity 634K, committed 640K, reserved 1048576K

Card table byte_map: [0x0000000012860000,0x0000000012a60000] byte_map_base: 0x0000000012257000

Marking Bits: (ParMarkBitMap*) 0x000000005e22b6d0
 Begin Bits: [0x0000000012e60000, 0x0000000013e18000)
 End Bits:   [0x0000000013e18000, 0x0000000014dd0000)

Polling page: 0x0000000000ff0000

CodeCache: size=245760Kb used=3127Kb max_used=3139Kb free=242632Kb
 bounds [0x00000000034a0000, 0x00000000037c0000, 0x00000000124a0000]
 total_blobs=974 nmethods=642 adapters=245
 compilation: enabled

Compilation events (10 events):
Event: 2.763 Thread 0x000000001597c000 nmethod 637 0x00000000037acbd0 code [0x00000000037acd40, 0x00000000037acfc8]
Event: 2.763 Thread 0x000000001597c000  638       3       java.lang.String::lastIndexOf (25 bytes)
Event: 2.763 Thread 0x000000001597c000 nmethod 638 0x00000000037ad110 code [0x00000000037ad280, 0x00000000037ad428]
Event: 2.766 Thread 0x000000001597c000  639       3       sun.misc.URLClassPath::access$100 (7 bytes)
Event: 2.766 Thread 0x000000001597c000 nmethod 639 0x00000000037ad550 code [0x00000000037ad6c0, 0x00000000037ad828]
Event: 2.767 Thread 0x0000000015979000  640       4       java.lang.String::startsWith (72 bytes)
Event: 2.767 Thread 0x000000001597c000  641       3       sun.misc.JarIndex::get (49 bytes)
Event: 2.768 Thread 0x000000001597c000 nmethod 641 0x00000000037ad910 code [0x00000000037adae0, 0x00000000037ae358]
Event: 2.768 Thread 0x000000001597c000  642       3       java.lang.String::equalsIgnoreCase (48 bytes)
Event: 2.768 Thread 0x000000001597c000 nmethod 642 0x00000000037ae690 code [0x00000000037ae800, 0x00000000037aeb68]

GC Heap History (10 events):
Event: 0.350 GC heap before
{Heap before GC invocations=2 (full 0):
 PSYoungGen      total 18944K, used 18913K [0x00000000eb100000, 0x00000000ed600000, 0x0000000100000000)
  eden space 16384K, 100% used [0x00000000eb100000,0x00000000ec100000,0x00000000ec100000)
  from space 2560K, 98% used [0x00000000ec100000,0x00000000ec378528,0x00000000ec380000)
  to   space 2560K, 0% used [0x00000000ed380000,0x00000000ed380000,0x00000000ed600000)
 ParOldGen       total 44032K, used 11904K [0x00000000c1200000, 0x00000000c3d00000, 0x00000000eb100000)
  object space 44032K, 27% used [0x00000000c1200000,0x00000000c1da0000,0x00000000c3d00000)
 Metaspace       used 2722K, capacity 4562K, committed 4864K, reserved 1056768K
  class space    used 291K, capacity 386K, committed 512K, reserved 1048576K
Event: 0.372 GC heap after
Heap after GC invocations=2 (full 0):
 PSYoungGen      total 35328K, used 2528K [0x00000000eb100000, 0x00000000ed600000, 0x0000000100000000)
  eden space 32768K, 0% used [0x00000000eb100000,0x00000000eb100000,0x00000000ed100000)
  from space 2560K, 98% used [0x00000000ed380000,0x00000000ed5f8038,0x00000000ed600000)
  to   space 2560K, 0% used [0x00000000ed100000,0x00000000ed100000,0x00000000ed380000)
 ParOldGen       total 44032K, used 15305K [0x00000000c1200000, 0x00000000c3d00000, 0x00000000eb100000)
  object space 44032K, 34% used [0x00000000c1200000,0x00000000c20f2548,0x00000000c3d00000)
 Metaspace       used 2722K, capacity 4562K, committed 4864K, reserved 1056768K
  class space    used 291K, capacity 386K, committed 512K, reserved 1048576K
}
Event: 0.602 GC heap before
{Heap before GC invocations=3 (full 0):
 PSYoungGen      total 35328K, used 35296K [0x00000000eb100000, 0x00000000ed600000, 0x0000000100000000)
  eden space 32768K, 100% used [0x00000000eb100000,0x00000000ed100000,0x00000000ed100000)
  from space 2560K, 98% used [0x00000000ed380000,0x00000000ed5f8038,0x00000000ed600000)
  to   space 2560K, 0% used [0x00000000ed100000,0x00000000ed100000,0x00000000ed380000)
 ParOldGen       total 44032K, used 15305K [0x00000000c1200000, 0x00000000c3d00000, 0x00000000eb100000)
  object space 44032K, 34% used [0x00000000c1200000,0x00000000c20f2548,0x00000000c3d00000)
 Metaspace       used 2874K, capacity 4562K, committed 4864K, reserved 1056768K
  class space    used 299K, capacity 386K, committed 512K, reserved 1048576K
Event: 0.605 GC heap after
Heap after GC invocations=3 (full 0):
 PSYoungGen      total 35328K, used 2528K [0x00000000eb100000, 0x00000000ef600000, 0x0000000100000000)
  eden space 32768K, 0% used [0x00000000eb100000,0x00000000eb100000,0x00000000ed100000)
  from space 2560K, 98% used [0x00000000ed100000,0x00000000ed378038,0x00000000ed380000)
  to   space 2560K, 0% used [0x00000000ef380000,0x00000000ef380000,0x00000000ef600000)
 ParOldGen       total 44032K, used 15329K [0x00000000c1200000, 0x00000000c3d00000, 0x00000000eb100000)
  object space 44032K, 34% used [0x00000000c1200000,0x00000000c20f8548,0x00000000c3d00000)
 Metaspace       used 2874K, capacity 4562K, committed 4864K, reserved 1056768K
  class space    used 299K, capacity 386K, committed 512K, reserved 1048576K
}
Event: 1.144 GC heap before
{Heap before GC invocations=4 (full 0):
 PSYoungGen      total 35328K, used 35296K [0x00000000eb100000, 0x00000000ef600000, 0x0000000100000000)
  eden space 32768K, 100% used [0x00000000eb100000,0x00000000ed100000,0x00000000ed100000)
  from space 2560K, 98% used [0x00000000ed100000,0x00000000ed378038,0x00000000ed380000)
  to   space 2560K, 0% used [0x00000000ef380000,0x00000000ef380000,0x00000000ef600000)
 ParOldGen       total 44032K, used 15329K [0x00000000c1200000, 0x00000000c3d00000, 0x00000000eb100000)
  object space 44032K, 34% used [0x00000000c1200000,0x00000000c20f8548,0x00000000c3d00000)
 Metaspace       used 2874K, capacity 4562K, committed 4864K, reserved 1056768K
  class space    used 299K, capacity 386K, committed 512K, reserved 1048576K
Event: 1.145 GC heap after
Heap after GC invocations=4 (full 0):
 PSYoungGen      total 68096K, used 2512K [0x00000000eb100000, 0x00000000ef600000, 0x0000000100000000)
  eden space 65536K, 0% used [0x00000000eb100000,0x00000000eb100000,0x00000000ef100000)
  from space 2560K, 98% used [0x00000000ef380000,0x00000000ef5f4048,0x00000000ef600000)
  to   space 2560K, 0% used [0x00000000ef100000,0x00000000ef100000,0x00000000ef380000)
 ParOldGen       total 44032K, used 15337K [0x00000000c1200000, 0x00000000c3d00000, 0x00000000eb100000)
  object space 44032K, 34% used [0x00000000c1200000,0x00000000c20fa548,0x00000000c3d00000)
 Metaspace       used 2874K, capacity 4562K, committed 4864K, reserved 1056768K
  class space    used 299K, capacity 386K, committed 512K, reserved 1048576K
}
Event: 1.589 GC heap before
{Heap before GC invocations=5 (full 0):
 PSYoungGen      total 68096K, used 68048K [0x00000000eb100000, 0x00000000ef600000, 0x0000000100000000)
  eden space 65536K, 100% used [0x00000000eb100000,0x00000000ef100000,0x00000000ef100000)
  from space 2560K, 98% used [0x00000000ef380000,0x00000000ef5f4048,0x00000000ef600000)
  to   space 2560K, 0% used [0x00000000ef100000,0x00000000ef100000,0x00000000ef380000)
 ParOldGen       total 44032K, used 15337K [0x00000000c1200000, 0x00000000c3d00000, 0x00000000eb100000)
  object space 44032K, 34% used [0x00000000c1200000,0x00000000c20fa548,0x00000000c3d00000)
 Metaspace       used 2874K, capacity 4562K, committed 4864K, reserved 1056768K
  class space    used 299K, capacity 386K, committed 512K, reserved 1048576K
Event: 1.590 GC heap after
Heap after GC invocations=5 (full 0):
 PSYoungGen      total 68096K, used 2528K [0x00000000eb100000, 0x00000000f5000000, 0x0000000100000000)
  eden space 65536K, 0% used [0x00000000eb100000,0x00000000eb100000,0x00000000ef100000)
  from space 2560K, 98% used [0x00000000ef100000,0x00000000ef378038,0x00000000ef380000)
  to   space 15872K, 0% used [0x00000000f4080000,0x00000000f4080000,0x00000000f5000000)
 ParOldGen       total 44032K, used 15353K [0x00000000c1200000, 0x00000000c3d00000, 0x00000000eb100000)
  object space 44032K, 34% used [0x00000000c1200000,0x00000000c20fe548,0x00000000c3d00000)
 Metaspace       used 2874K, capacity 4562K, committed 4864K, reserved 1056768K
  class space    used 299K, capacity 386K, committed 512K, reserved 1048576K
}
Event: 2.057 GC heap before
{Heap before GC invocations=6 (full 0):
 PSYoungGen      total 68096K, used 68064K [0x00000000eb100000, 0x00000000f5000000, 0x0000000100000000)
  eden space 65536K, 100% used [0x00000000eb100000,0x00000000ef100000,0x00000000ef100000)
  from space 2560K, 98% used [0x00000000ef100000,0x00000000ef378038,0x00000000ef380000)
  to   space 15872K, 0% used [0x00000000f4080000,0x00000000f4080000,0x00000000f5000000)
 ParOldGen       total 44032K, used 15353K [0x00000000c1200000, 0x00000000c3d00000, 0x00000000eb100000)
  object space 44032K, 34% used [0x00000000c1200000,0x00000000c20fe548,0x00000000c3d00000)
 Metaspace       used 2874K, capacity 4562K, committed 4864K, reserved 1056768K
  class space    used 299K, capacity 386K, committed 512K, reserved 1048576K
Event: 2.059 GC heap after
Heap after GC invocations=6 (full 0):
 PSYoungGen      total 144896K, used 2528K [0x00000000eb100000, 0x00000000f4e00000, 0x0000000100000000)
  eden space 131072K, 0% used [0x00000000eb100000,0x00000000eb100000,0x00000000f3100000)
  from space 13824K, 18% used [0x00000000f4080000,0x00000000f42f8038,0x00000000f4e00000)
  to   space 14848K, 0% used [0x00000000f3100000,0x00000000f3100000,0x00000000f3f80000)
 ParOldGen       total 44032K, used 15361K [0x00000000c1200000, 0x00000000c3d00000, 0x00000000eb100000)
  object space 44032K, 34% used [0x00000000c1200000,0x00000000c2100548,0x00000000c3d00000)
 Metaspace       used 2874K, capacity 4562K, committed 4864K, reserved 1056768K
  class space    used 299K, capacity 386K, committed 512K, reserved 1048576K
}

Deoptimization events (10 events):
Event: 2.601 Thread 0x00000000030e3800 Uncommon trap: reason=class_check action=maybe_recompile pc=0x00000000036a732c method=java.util.regex.Pattern$Node.study(Ljava/util/regex/Pattern$TreeInfo;)Z @ 12
Event: 2.602 Thread 0x00000000030e3800 Uncommon trap: reason=unstable_if action=reinterpret pc=0x00000000036c4aec method=java.util.regex.Matcher.reset()Ljava/util/regex/Matcher; @ 47
Event: 2.602 Thread 0x00000000030e3800 Uncommon trap: reason=unstable_if action=reinterpret pc=0x00000000036962c0 method=java.util.regex.Matcher.reset()Ljava/util/regex/Matcher; @ 47
Event: 2.602 Thread 0x00000000030e3800 Uncommon trap: reason=predicate action=maybe_recompile pc=0x00000000036a8298 method=java.util.regex.Pattern$Start.match(Ljava/util/regex/Matcher;ILjava/lang/CharSequence;)Z @ 37
Event: 2.605 Thread 0x00000000030e3800 Uncommon trap: reason=predicate action=maybe_recompile pc=0x00000000036ecf44 method=java.util.regex.Pattern$Start.match(Ljava/util/regex/Matcher;ILjava/lang/CharSequence;)Z @ 37
Event: 2.607 Thread 0x00000000030e3800 Uncommon trap: reason=unstable_if action=reinterpret pc=0x00000000036c32a0 method=java.util.regex.Matcher.reset()Ljava/util/regex/Matcher; @ 47
Event: 2.607 Thread 0x00000000030e3800 Uncommon trap: reason=predicate action=maybe_recompile pc=0x00000000036c3ad0 method=java.util.regex.Pattern$Start.match(Ljava/util/regex/Matcher;ILjava/lang/CharSequence;)Z @ 37
Event: 2.608 Thread 0x00000000030e3800 Uncommon trap: reason=predicate action=maybe_recompile pc=0x00000000036c546c method=java.util.regex.Pattern$Start.match(Ljava/util/regex/Matcher;ILjava/lang/CharSequence;)Z @ 37
Event: 2.608 Thread 0x00000000030e3800 Uncommon trap: reason=class_check action=maybe_recompile pc=0x00000000036852d0 method=java.util.regex.Pattern$Slice.match(Ljava/util/regex/Matcher;ILjava/lang/CharSequence;)Z @ 75
Event: 2.743 Thread 0x00000000030e3800 Uncommon trap: reason=class_check action=maybe_recompile pc=0x00000000036852d0 method=java.util.regex.Pattern$Slice.match(Ljava/util/regex/Matcher;ILjava/lang/CharSequence;)Z @ 75

Internal exceptions (10 events):
Event: 2.368 Thread 0x00000000030e3800 Exception <a 'java/security/PrivilegedActionException'> (0x00000000ec76f5e8) thrown at [C:\re\workspace\8-2-build-windows-amd64-cygwin\jdk8u121\8372\hotspot\src\share\vm\prims\jvm.cpp, line 1390]
Event: 2.368 Thread 0x00000000030e3800 Exception <a 'java/security/PrivilegedActionException'> (0x00000000ec76f7f8) thrown at [C:\re\workspace\8-2-build-windows-amd64-cygwin\jdk8u121\8372\hotspot\src\share\vm\prims\jvm.cpp, line 1390]
Event: 2.433 Thread 0x00000000030e3800 Exception <a 'java/lang/NoSuchFieldError': method resolution failed> (0x00000000ec8dd850) thrown at [C:\re\workspace\8-2-build-windows-amd64-cygwin\jdk8u121\8372\hotspot\src\share\vm\prims\methodHandles.cpp, line 1146]
Event: 2.435 Thread 0x00000000030e3800 Exception <a 'java/lang/NoSuchFieldError': method resolution failed> (0x00000000ec8eaf40) thrown at [C:\re\workspace\8-2-build-windows-amd64-cygwin\jdk8u121\8372\hotspot\src\share\vm\prims\methodHandles.cpp, line 1146]
Event: 2.745 Thread 0x00000000030e3800 Exception <a 'sun/nio/fs/WindowsException'> (0x00000000eca02aa8) thrown at [C:\re\workspace\8-2-build-windows-amd64-cygwin\jdk8u121\8372\hotspot\src\share\vm\prims\jni.cpp, line 709]
Event: 2.746 Thread 0x00000000030e3800 Exception <a 'sun/nio/fs/WindowsException'> (0x00000000eca03290) thrown at [C:\re\workspace\8-2-build-windows-amd64-cygwin\jdk8u121\8372\hotspot\src\share\vm\prims\jni.cpp, line 709]
Event: 2.747 Thread 0x00000000030e3800 Exception <a 'sun/nio/fs/WindowsException'> (0x00000000eca05c08) thrown at [C:\re\workspace\8-2-build-windows-amd64-cygwin\jdk8u121\8372\hotspot\src\share\vm\prims\jni.cpp, line 709]
Event: 2.747 Thread 0x00000000030e3800 Exception <a 'sun/nio/fs/WindowsException'> (0x00000000eca06130) thrown at [C:\re\workspace\8-2-build-windows-amd64-cygwin\jdk8u121\8372\hotspot\src\share\vm\prims\jni.cpp, line 709]
Event: 2.747 Thread 0x00000000030e3800 Exception <a 'sun/nio/fs/WindowsException'> (0x00000000eca06b08) thrown at [C:\re\workspace\8-2-build-windows-amd64-cygwin\jdk8u121\8372\hotspot\src\share\vm\prims\jni.cpp, line 709]
Event: 2.747 Thread 0x00000000030e3800 Exception <a 'sun/nio/fs/WindowsException'> (0x00000000eca06f98) thrown at [C:\re\workspace\8-2-build-windows-amd64-cygwin\jdk8u121\8372\hotspot\src\share\vm\prims\jni.cpp, line 709]

Events (10 events):
Event: 2.761 loading class sun/reflect/UnsafeQualifiedStaticFieldAccessorImpl done
Event: 2.761 loading class sun/reflect/UnsafeQualifiedStaticObjectFieldAccessorImpl done
Event: 2.763 loading class org/lwjgl/system/windows/WinBase
Event: 2.763 loading class org/lwjgl/system/windows/WinBase done
Event: 2.766 loading class org/lwjgl/opengl/GL$1
Event: 2.766 loading class org/lwjgl/opengl/GL$1 done
Event: 2.766 loading class org/lwjgl/opengl/GL$SharedLibraryGL
Event: 2.766 loading class org/lwjgl/opengl/GL$SharedLibraryGL done
Event: 2.767 loading class org/lwjgl/system/SharedLibrary$Delegate
Event: 2.767 loading class org/lwjgl/system/SharedLibrary$Delegate done


Dynamic libraries:
0x00007ff7bf4f0000 - 0x00007ff7bf527000 	C:\Program Files\Java\jre1.8.0_121\bin\javaw.exe
0x00007ff9732e0000 - 0x00007ff9734b1000 	C:\WINDOWS\SYSTEM32\ntdll.dll
0x00007ff970d40000 - 0x00007ff970deb000 	C:\WINDOWS\System32\KERNEL32.DLL
0x00007ff96fb00000 - 0x00007ff96fd1d000 	C:\WINDOWS\System32\KERNELBASE.dll
0x00007ff973230000 - 0x00007ff9732d2000 	C:\WINDOWS\System32\ADVAPI32.dll
0x00007ff971120000 - 0x00007ff9711be000 	C:\WINDOWS\System32\msvcrt.dll
0x00007ff970ca0000 - 0x00007ff970cf9000 	C:\WINDOWS\System32\sechost.dll
0x00007ff9730d0000 - 0x00007ff9731f1000 	C:\WINDOWS\System32\RPCRT4.dll
0x00007ff9709c0000 - 0x00007ff970b25000 	C:\WINDOWS\System32\USER32.dll
0x00007ff96fd20000 - 0x00007ff96fd3e000 	C:\WINDOWS\System32\win32u.dll
0x00007ff970d00000 - 0x00007ff970d34000 	C:\WINDOWS\System32\GDI32.dll
0x00007ff96f970000 - 0x00007ff96faf2000 	C:\WINDOWS\System32\gdi32full.dll
0x00007ff95b030000 - 0x00007ff95b2a9000 	C:\WINDOWS\WinSxS\amd64_microsoft.windows.common-controls_6595b64144ccf1df_6.0.14393.447_none_42191651c6827bb3\COMCTL32.dll
0x00007ff9716f0000 - 0x00007ff9719b8000 	C:\WINDOWS\System32\combase.dll
0x00007ff96f7d0000 - 0x00007ff96f8c5000 	C:\WINDOWS\System32\ucrtbase.dll
0x00007ff970420000 - 0x00007ff97048a000 	C:\WINDOWS\System32\bcryptPrimitives.dll
0x00007ff973200000 - 0x00007ff97322e000 	C:\WINDOWS\System32\IMM32.DLL
0x000000005d740000 - 0x000000005d812000 	C:\Program Files\Java\jre1.8.0_121\bin\msvcr100.dll
0x000000005da10000 - 0x000000005e2ab000 	C:\Program Files\Java\jre1.8.0_121\bin\server\jvm.dll
0x00007ff9716e0000 - 0x00007ff9716e8000 	C:\WINDOWS\System32\PSAPI.DLL
0x00007ff966830000 - 0x00007ff96683a000 	C:\WINDOWS\SYSTEM32\VERSION.dll
0x00007ff96da00000 - 0x00007ff96da23000 	C:\WINDOWS\SYSTEM32\WINMM.dll
0x00000000013f0000 - 0x000000000141b000 	C:\WINDOWS\SYSTEM32\WINMMBASE.dll
0x00007ff970820000 - 0x00007ff970862000 	C:\WINDOWS\System32\cfgmgr32.dll
0x00007ff9585b0000 - 0x00007ff9585b9000 	C:\WINDOWS\SYSTEM32\WSOCK32.dll
0x00007ff9710b0000 - 0x00007ff97111a000 	C:\WINDOWS\System32\WS2_32.dll
0x000000005d920000 - 0x000000005d92f000 	C:\Program Files\Java\jre1.8.0_121\bin\verify.dll
0x000000005d8f0000 - 0x000000005d919000 	C:\Program Files\Java\jre1.8.0_121\bin\java.dll
0x000000005d8d0000 - 0x000000005d8e6000 	C:\Program Files\Java\jre1.8.0_121\bin\zip.dll
0x00007ff971b60000 - 0x00007ff973069000 	C:\WINDOWS\System32\SHELL32.dll
0x00007ff96fd40000 - 0x00007ff97041a000 	C:\WINDOWS\System32\windows.storage.dll
0x00007ff96f770000 - 0x00007ff96f7bc000 	C:\WINDOWS\System32\powrprof.dll
0x00007ff971680000 - 0x00007ff9716d2000 	C:\WINDOWS\System32\shlwapi.dll
0x00007ff96f7c0000 - 0x00007ff96f7cf000 	C:\WINDOWS\System32\kernel.appcore.dll
0x00007ff970490000 - 0x00007ff970539000 	C:\WINDOWS\System32\shcore.dll
0x00007ff96f740000 - 0x00007ff96f754000 	C:\WINDOWS\System32\profapi.dll
0x000000005d8b0000 - 0x000000005d8ca000 	C:\Program Files\Java\jre1.8.0_121\bin\net.dll
0x00007ff96f070000 - 0x00007ff96f0cc000 	C:\WINDOWS\system32\mswsock.dll
0x000000005d890000 - 0x000000005d8a1000 	C:\Program Files\Java\jre1.8.0_121\bin\nio.dll
0x00007ff95cc50000 - 0x00007ff95cca7000 	C:\Users\xz258\AppData\Local\Temp\lwjglxz258\3.1.1-build-16\lwjgl.dll
0x00007ff96f230000 - 0x00007ff96f23b000 	C:\WINDOWS\SYSTEM32\CRYPTBASE.DLL
0x00007ff95cbf0000 - 0x00007ff95cc4f000 	C:\Users\xz258\AppData\Local\Temp\lwjglxz258\3.1.1-build-16\lwjgl_opengl.dll
0x00007ff93cb10000 - 0x00007ff93cc33000 	C:\WINDOWS\system32\opengl32.dll
0x00007ff965060000 - 0x00007ff96508d000 	C:\WINDOWS\SYSTEM32\GLU32.dll
0x00007ff939870000 - 0x00007ff939967000 	C:\WINDOWS\SYSTEM32\DDRAW.dll
0x00007ff96d990000 - 0x00007ff96d998000 	C:\WINDOWS\SYSTEM32\DCIMAN32.dll
0x00007ff9626a0000 - 0x00007ff962832000 	C:\WINDOWS\SYSTEM32\dbghelp.dll

VM Arguments:
jvm_args: -Dfile.encoding=Cp1252 
java_command: c2g2.engine.graph.OBJLoader
java_class_path (initial): C:\Users\xz258\OneDrive\academic\spring2017\Computer Graphics\hw\project 1\graphics_hw1\hw1\bin;C:\Users\xz258\OneDrive\academic\spring2017\Computer Graphics\hw\project_1_source_code\pa1_release\lib\joml-1.9.2.jar;C:\Users\xz258\OneDrive\academic\spring2017\Computer Graphics\hw\project_1_source_code\pa1_release\lib\pngj-2.1.1.jar;C:\Users\xz258\Documents\graphics\jars\lwjgl.jar;C:\Users\xz258\Documents\graphics\jars\lwjgl-assimp.jar;C:\Users\xz258\Documents\graphics\jars\lwjgl-assimp-javadoc.jar;C:\Users\xz258\Documents\graphics\jars\lwjgl-assimp-natives-windows.jar;C:\Users\xz258\Documents\graphics\jars\lwjgl-assimp-sources.jar;C:\Users\xz258\Documents\graphics\jars\lwjgl-bgfx.jar;C:\Users\xz258\Documents\graphics\jars\lwjgl-bgfx-javadoc.jar;C:\Users\xz258\Documents\graphics\jars\lwjgl-bgfx-natives-windows.jar;C:\Users\xz258\Documents\graphics\jars\lwjgl-bgfx-sources.jar;C:\Users\xz258\Documents\graphics\jars\lwjgl-egl.jar;C:\Users\xz258\Documents\graphics\jars\lwjgl-egl-javadoc.jar;C:\Users\xz258\Documents\graphics\jars\lwjgl-egl-sources.jar;C:\Users\xz258\Documents\graphics\jars\lwjgl-glfw.jar;C:\Users\xz258\Documents\graphics\jars\lwjgl-glfw-javadoc.jar;C:\Users\xz258\Documents\graphics\jars\lwjgl-glfw-natives-windows.jar;C:\Users\xz258\Documents\graphics\jars\lwjgl-glfw-sources.jar;C:\Users\xz258\Documents\graphics\jars\lwjgl-javadoc.jar;C:\Users\xz258\Documents\graphics\jars\lwjgl-jawt.jar;C:\Users\xz258\Documents\graphics\jars\lwjgl-jawt-javadoc.jar;C:\Users\xz258\Documents\graphics\jars\lwjgl-jawt-sources.jar;C:\Users\xz258\Documents\graphics\jars\lwjgl-jemalloc.jar;C:\Users\xz258\Documents\graphics\jars\lwjgl-jemalloc-javadoc.jar;C:\Users\xz258\Documents\graphics\jars\lwjgl-jemalloc-natives-windows.jar;C:\Users\xz258\Documents\graphics\jars\lwjgl-jemalloc-sources.jar;C:\Users\xz258\Documents\graphics\jars\lwjgl-lmdb.jar;C:\Users\xz258\Documents\graphics\jars\lwjgl-lmdb-javadoc.jar;C:\Users\xz258\Documents\graphics\jars\lwjgl-lmd
Launcher Type: SUN_STANDARD

Environment Variables:
PATH=C:/Program Files/Java/jre1.8.0_121/bin/server;C:/Program Files/Java/jre1.8.0_121/bin;C:/Program Files/Java/jre1.8.0_121/lib/amd64;C:\ProgramData\Oracle\Java\javapath;c:\Program Files\Java\jdk1.8.0_101\bin;C:\WINDOWS\system32;C:\WINDOWS;C:\WINDOWS\System32\Wbem;C:\WINDOWS\System32\WindowsPowerShell\v1.0\;C:\Program Files (x86)\MiKTeX 2.9\miktex\bin\;C:\Program Files (x86)\Skype\Phone\;C:\Program Files (x86)\PharosSystems\Core;C:\Program Files (x86)\GtkSharp\2.12\bin;C:\WINDOWS\system32\config\systemprofile\.dnx\bin;C:\Program Files\Microsoft DNX\Dnvm\;C:\Program Files\Microsoft SQL Server\130\Tools\Binn\;C:\Program Files (x86)\Windows Kits\8.1\Windows Performance Toolkit\;C:\ProgramData\Oracle\Java\javapath;c:\Program Files\Java\jdk1.8.0_101\bin;C:\WINDOWS\system32;C:\WINDOWS;C:\WINDOWS\System32\Wbem;C:\WINDOWS\System32\WindowsPowerShell\v1.0\;C:\Program Files (x86)\MiKTeX 2.9\miktex\bin\;C:\Program Files (x86)\Skype\Phone\;C:\Program Files (x86)\PharosSystems\Core;C:\Program Files (x86)\GtkSharp\2.12\bin;C:\WINDOWS\system32\config\systemprofile\.dnx\bin;C:\Program Files\Microsoft DNX\Dnvm\;C:\Program Files\Microsoft SQL Server\130\Tools\Binn\;C:\Program Files (x86)\Windows Kits\8.1\Windows Performance Toolkit\;C:\Users\xz258\AppData\Local\Microsoft\WindowsApps;;C:\Python27\Scripts;C:\Users\xz258\Desktop;
USERNAME=xz258
OS=Windows_NT
PROCESSOR_IDENTIFIER=Intel64 Family 6 Model 78 Stepping 3, GenuineIntel



---------------  S Y S T E M  ---------------

OS: Windows 10.0 , 64 bit Build 14393 (10.0.14393.0)

CPU:total 4 (2 cores per cpu, 2 threads per core) family 6 model 78 stepping 3, cmov, cx8, fxsr, mmx, sse, sse2, sse3, ssse3, sse4.1, sse4.2, popcnt, avx, avx2, aes, clmul, erms, rtm, 3dnowpref, lzcnt, ht, tsc, tscinvbit, bmi1, bmi2, adx

Memory: 4k page, physical 4118656k(693584k free), swap 9623680k(2408672k free)

vm_info: Java HotSpot(TM) 64-Bit Server VM (25.121-b13) for windows-amd64 JRE (1.8.0_121-b13), built on Dec 12 2016 18:21:36 by "java_re" with MS VC++ 10.0 (VS2010)

time: Sat Feb 18 17:25:18 2017
elapsed time: 2 seconds (0d 0h 0m 2s)

