#
# A fatal error has been detected by the Java Runtime Environment:
#
#  EXCEPTION_ACCESS_VIOLATION (0xc0000005) at pc=0x00007ff94fbd862d, pid=7548, tid=0x0000000000002f70
#
# JRE version: Java(TM) SE Runtime Environment (8.0_121-b13) (build 1.8.0_121-b13)
# Java VM: Java HotSpot(TM) 64-Bit Server VM (25.121-b13 mixed mode windows-amd64 compressed oops)
# Problematic frame:
# C  [lwjgl_opengl.dll+0x862d]
#
# Failed to write core dump. Minidumps are not enabled by default on client versions of Windows
#
# If you would like to submit a bug report, please visit:
#   http://bugreport.java.com/bugreport/crash.jsp
# The crash happened outside the Java Virtual Machine in native code.
# See problematic frame for where to report the bug.
#

---------------  T H R E A D  ---------------

Current thread (0x0000000003053800):  JavaThread "main" [_thread_in_native, id=12144, stack(0x0000000002ea0000,0x0000000002fa0000)]

siginfo: ExceptionCode=0xc0000005, reading address 0x0000000000000f18

Registers:
RAX=0x000000005e1afd50, RBX=0x00000000151e4e60, RCX=0x0000000000000001, RDX=0x0000000017ad44ec
RSP=0x0000000002f9f288, RBP=0x0000000002f9f308, RSI=0x0000000000000188, RDI=0x0000000003157e70
R8 =0x0000000000000001, R9 =0x0000000017ad44ec, R10=0x0000000000000000, R11=0x000000005dc3b820
R12=0x0000000000000000, R13=0x00000000151e4e60, R14=0x0000000002f9f338, R15=0x0000000003053800
RIP=0x00007ff94fbd862d, EFLAGS=0x0000000000010206

Top of Stack: (sp=0x0000000002f9f288)
0x0000000002f9f288:   0000000003167f74 0000000003157e70
0x0000000002f9f298:   0000000003167ceb 0000000003053800
0x0000000002f9f2a8:   00000000151e4e60 0000000000000188
0x0000000002f9f2b8:   0000000003053800 0000000003167ca2
0x0000000002f9f2c8:   0000000002f9f2c8 00000000151e4e60
0x0000000002f9f2d8:   0000000002f9f338 00000000151ed5b0
0x0000000002f9f2e8:   0000000000000000 00000000151e4e60
0x0000000002f9f2f8:   0000000000000000 0000000002f9f328
0x0000000002f9f308:   0000000002f9f380 000000000315835d
0x0000000002f9f318:   00000000f3190578 00000000031619d8
0x0000000002f9f328:   0000000017ad44ec 00000000eb432c50
0x0000000002f9f338:   0000000000000001 0000000002f9f340
0x0000000002f9f348:   00000000151e4fb4 0000000002f9f3b0
0x0000000002f9f358:   00000000151ed5b0 0000000000000000
0x0000000002f9f368:   00000000151e5018 0000000002f9f328
0x0000000002f9f378:   0000000002f9f3b8 0000000002f9f400 

Instructions: (pc=0x00007ff94fbd862d)
0x00007ff94fbd860d:   49 ff a2 f0 09 00 00 cc cc cc cc cc cc cc cc cc
0x00007ff94fbd861d:   cc cc cc 48 8b 01 49 8b d1 41 8b c8 4c 8b 50 18
0x00007ff94fbd862d:   49 ff a2 18 0f 00 00 cc cc cc cc cc cc cc cc cc
0x00007ff94fbd863d:   cc cc cc 48 8b 01 48 8b 48 18 48 8b 81 c0 1b 00 


Register to memory mapping:

RAX=0x000000005e1afd50 is an unknown value
RBX={method} {0x00000000151e4e68} 'nglGenVertexArrays' '(IJ)V' in 'org/lwjgl/opengl/GL30'
RCX=0x0000000000000001 is an unknown value
RDX=0x0000000017ad44ec is an unknown value
RSP=0x0000000002f9f288 is pointing into the stack for thread: 0x0000000003053800
RBP=0x0000000002f9f308 is pointing into the stack for thread: 0x0000000003053800
RSI=0x0000000000000188 is an unknown value
RDI=0x0000000003157e70 is at code_begin+1040 in an Interpreter codelet
invoke return entry points  [0x0000000003157a60, 0x0000000003158440]  2528 bytes
R8 =0x0000000000000001 is an unknown value
R9 =0x0000000017ad44ec is an unknown value
R10=0x0000000000000000 is an unknown value
R11=0x000000005dc3b820 is an unknown value
R12=0x0000000000000000 is an unknown value
R13={method} {0x00000000151e4e68} 'nglGenVertexArrays' '(IJ)V' in 'org/lwjgl/opengl/GL30'
R14=0x0000000002f9f338 is pointing into the stack for thread: 0x0000000003053800
R15=0x0000000003053800 is a thread


Stack: [0x0000000002ea0000,0x0000000002fa0000],  sp=0x0000000002f9f288,  free space=1020k
Native frames: (J=compiled Java code, j=interpreted, Vv=VM code, C=native code)
C  [lwjgl_opengl.dll+0x862d]

Java frames: (J=compiled Java code, j=interpreted, Vv=VM code)
j  org.lwjgl.opengl.GL30.nglGenVertexArrays(IJ)V+0
j  org.lwjgl.opengl.GL30.glGenVertexArrays()I+20
j  c2g2.engine.graph.Mesh.setMesh([F[F[F[I)V+114
j  c2g2.engine.graph.Mesh.<init>([F[F[F[I)V+10
j  c2g2.engine.graph.OBJLoader.loadMesh_2(Ljava/lang/String;)Lc2g2/engine/graph/Mesh;+701
j  c2g2.engine.graph.OBJLoader.main([Ljava/lang/String;)V+10
v  ~StubRoutines::call_stub

---------------  P R O C E S S  ---------------

Java Threads: ( => current thread )
  0x00000000157ce800 JavaThread "Service Thread" daemon [_thread_blocked, id=5036, stack(0x00000000175c0000,0x00000000176c0000)]
  0x00000000170c8800 JavaThread "C1 CompilerThread2" daemon [_thread_blocked, id=8144, stack(0x00000000174c0000,0x00000000175c0000)]
  0x00000000157c6800 JavaThread "C2 CompilerThread1" daemon [_thread_blocked, id=9972, stack(0x0000000016fc0000,0x00000000170c0000)]
  0x0000000015770800 JavaThread "C2 CompilerThread0" daemon [_thread_blocked, id=7752, stack(0x0000000016ec0000,0x0000000016fc0000)]
  0x000000001576f000 JavaThread "Attach Listener" daemon [_thread_blocked, id=7576, stack(0x0000000016dc0000,0x0000000016ec0000)]
  0x000000001576d800 JavaThread "Signal Dispatcher" daemon [_thread_blocked, id=11100, stack(0x0000000016cc0000,0x0000000016dc0000)]
  0x000000001575a800 JavaThread "Finalizer" daemon [_thread_blocked, id=3740, stack(0x00000000169d0000,0x0000000016ad0000)]
  0x0000000015739000 JavaThread "Reference Handler" daemon [_thread_blocked, id=10612, stack(0x00000000168d0000,0x00000000169d0000)]
=>0x0000000003053800 JavaThread "main" [_thread_in_native, id=12144, stack(0x0000000002ea0000,0x0000000002fa0000)]

Other Threads:
  0x0000000015738000 VMThread [stack: 0x00000000167d0000,0x00000000168d0000] [id=4556]
  0x000000001710d000 WatcherThread [stack: 0x00000000176c0000,0x00000000177c0000] [id=11960]

VM state:not at safepoint (normal execution)

VM Mutex/Monitor currently owned by a thread: None

Heap:
 PSYoungGen      total 131072K, used 6089K [0x00000000eb100000, 0x00000000f3300000, 0x0000000100000000)
  eden space 130560K, 4% used [0x00000000eb100000,0x00000000eb672720,0x00000000f3080000)
  from space 512K, 100% used [0x00000000f3180000,0x00000000f3200000,0x00000000f3200000)
  to   space 1024K, 0% used [0x00000000f3080000,0x00000000f3080000,0x00000000f3180000)
 ParOldGen       total 44032K, used 206K [0x00000000c1200000, 0x00000000c3d00000, 0x00000000eb100000)
  object space 44032K, 0% used [0x00000000c1200000,0x00000000c1233bf0,0x00000000c3d00000)
 Metaspace       used 5036K, capacity 5208K, committed 5248K, reserved 1056768K
  class space    used 567K, capacity 634K, committed 640K, reserved 1048576K

Card table byte_map: [0x0000000012510000,0x0000000012710000] byte_map_base: 0x0000000011f07000

Marking Bits: (ParMarkBitMap*) 0x000000005e22b6d0
 Begin Bits: [0x0000000012c60000, 0x0000000013c18000)
 End Bits:   [0x0000000013c18000, 0x0000000014bd0000)

Polling page: 0x0000000001370000

CodeCache: size=245760Kb used=2224Kb max_used=2235Kb free=243535Kb
 bounds [0x0000000003150000, 0x00000000033c0000, 0x0000000012150000]
 total_blobs=797 nmethods=472 adapters=238
 compilation: enabled

Compilation events (10 events):
Event: 0.642 Thread 0x00000000170c8800 nmethod 466 0x0000000003377c50 code [0x0000000003377da0, 0x0000000003377eb0]
Event: 0.643 Thread 0x00000000170c8800  467       3       java.lang.String::regionMatches (149 bytes)
Event: 0.644 Thread 0x00000000170c8800 nmethod 467 0x00000000033798d0 code [0x0000000003379b20, 0x000000000337a7d8]
Event: 0.649 Thread 0x00000000170c8800  469       3       sun.misc.URLClassPath::access$100 (7 bytes)
Event: 0.649 Thread 0x00000000170c8800 nmethod 469 0x000000000337b510 code [0x000000000337b680, 0x000000000337b7e8]
Event: 0.650 Thread 0x0000000015770800  470       4       java.lang.String::startsWith (72 bytes)
Event: 0.650 Thread 0x00000000170c8800  471       3       sun.misc.JarIndex::get (49 bytes)
Event: 0.651 Thread 0x00000000170c8800 nmethod 471 0x000000000337b8d0 code [0x000000000337baa0, 0x000000000337c318]
Event: 0.651 Thread 0x00000000170c8800  472       3       java.lang.String::equalsIgnoreCase (48 bytes)
Event: 0.651 Thread 0x00000000170c8800 nmethod 472 0x000000000337c650 code [0x000000000337c7c0, 0x000000000337cb28]

GC Heap History (10 events):
Event: 0.240 GC heap before
{Heap before GC invocations=2 (full 0):
 PSYoungGen      total 18944K, used 16816K [0x00000000eb100000, 0x00000000ed600000, 0x0000000100000000)
  eden space 16384K, 100% used [0x00000000eb100000,0x00000000ec100000,0x00000000ec100000)
  from space 2560K, 16% used [0x00000000ec100000,0x00000000ec16c010,0x00000000ec380000)
  to   space 2560K, 0% used [0x00000000ed380000,0x00000000ed380000,0x00000000ed600000)
 ParOldGen       total 44032K, used 0K [0x00000000c1200000, 0x00000000c3d00000, 0x00000000eb100000)
  object space 44032K, 0% used [0x00000000c1200000,0x00000000c1200000,0x00000000c3d00000)
 Metaspace       used 2611K, capacity 4562K, committed 4864K, reserved 1056768K
  class space    used 286K, capacity 386K, committed 512K, reserved 1048576K
Event: 0.240 GC heap after
Heap after GC invocations=2 (full 0):
 PSYoungGen      total 35328K, used 448K [0x00000000eb100000, 0x00000000ed600000, 0x0000000100000000)
  eden space 32768K, 0% used [0x00000000eb100000,0x00000000eb100000,0x00000000ed100000)
  from space 2560K, 17% used [0x00000000ed380000,0x00000000ed3f0000,0x00000000ed600000)
  to   space 2560K, 0% used [0x00000000ed100000,0x00000000ed100000,0x00000000ed380000)
 ParOldGen       total 44032K, used 8K [0x00000000c1200000, 0x00000000c3d00000, 0x00000000eb100000)
  object space 44032K, 0% used [0x00000000c1200000,0x00000000c1202000,0x00000000c3d00000)
 Metaspace       used 2611K, capacity 4562K, committed 4864K, reserved 1056768K
  class space    used 286K, capacity 386K, committed 512K, reserved 1048576K
}
Event: 0.267 GC heap before
{Heap before GC invocations=3 (full 0):
 PSYoungGen      total 35328K, used 33216K [0x00000000eb100000, 0x00000000ed600000, 0x0000000100000000)
  eden space 32768K, 100% used [0x00000000eb100000,0x00000000ed100000,0x00000000ed100000)
  from space 2560K, 17% used [0x00000000ed380000,0x00000000ed3f0000,0x00000000ed600000)
  to   space 2560K, 0% used [0x00000000ed100000,0x00000000ed100000,0x00000000ed380000)
 ParOldGen       total 44032K, used 8K [0x00000000c1200000, 0x00000000c3d00000, 0x00000000eb100000)
  object space 44032K, 0% used [0x00000000c1200000,0x00000000c1202000,0x00000000c3d00000)
 Metaspace       used 2620K, capacity 4562K, committed 4864K, reserved 1056768K
  class space    used 286K, capacity 386K, committed 512K, reserved 1048576K
Event: 0.267 GC heap after
Heap after GC invocations=3 (full 0):
 PSYoungGen      total 35328K, used 432K [0x00000000eb100000, 0x00000000ef600000, 0x0000000100000000)
  eden space 32768K, 0% used [0x00000000eb100000,0x00000000eb100000,0x00000000ed100000)
  from space 2560K, 16% used [0x00000000ed100000,0x00000000ed16c010,0x00000000ed380000)
  to   space 2560K, 0% used [0x00000000ef380000,0x00000000ef380000,0x00000000ef600000)
 ParOldGen       total 44032K, used 16K [0x00000000c1200000, 0x00000000c3d00000, 0x00000000eb100000)
  object space 44032K, 0% used [0x00000000c1200000,0x00000000c1204000,0x00000000c3d00000)
 Metaspace       used 2620K, capacity 4562K, committed 4864K, reserved 1056768K
  class space    used 286K, capacity 386K, committed 512K, reserved 1048576K
}
Event: 0.286 GC heap before
{Heap before GC invocations=4 (full 0):
 PSYoungGen      total 35328K, used 33200K [0x00000000eb100000, 0x00000000ef600000, 0x0000000100000000)
  eden space 32768K, 100% used [0x00000000eb100000,0x00000000ed100000,0x00000000ed100000)
  from space 2560K, 16% used [0x00000000ed100000,0x00000000ed16c010,0x00000000ed380000)
  to   space 2560K, 0% used [0x00000000ef380000,0x00000000ef380000,0x00000000ef600000)
 ParOldGen       total 44032K, used 16K [0x00000000c1200000, 0x00000000c3d00000, 0x00000000eb100000)
  object space 44032K, 0% used [0x00000000c1200000,0x00000000c1204000,0x00000000c3d00000)
 Metaspace       used 2626K, capacity 4562K, committed 4864K, reserved 1056768K
  class space    used 286K, capacity 386K, committed 512K, reserved 1048576K
Event: 0.287 GC heap after
Heap after GC invocations=4 (full 0):
 PSYoungGen      total 68096K, used 400K [0x00000000eb100000, 0x00000000ef600000, 0x0000000100000000)
  eden space 65536K, 0% used [0x00000000eb100000,0x00000000eb100000,0x00000000ef100000)
  from space 2560K, 15% used [0x00000000ef380000,0x00000000ef3e4030,0x00000000ef600000)
  to   space 2560K, 0% used [0x00000000ef100000,0x00000000ef100000,0x00000000ef380000)
 ParOldGen       total 44032K, used 24K [0x00000000c1200000, 0x00000000c3d00000, 0x00000000eb100000)
  object space 44032K, 0% used [0x00000000c1200000,0x00000000c1206000,0x00000000c3d00000)
 Metaspace       used 2626K, capacity 4562K, committed 4864K, reserved 1056768K
  class space    used 286K, capacity 386K, committed 512K, reserved 1048576K
}
Event: 0.343 GC heap before
{Heap before GC invocations=5 (full 0):
 PSYoungGen      total 68096K, used 65936K [0x00000000eb100000, 0x00000000ef600000, 0x0000000100000000)
  eden space 65536K, 100% used [0x00000000eb100000,0x00000000ef100000,0x00000000ef100000)
  from space 2560K, 15% used [0x00000000ef380000,0x00000000ef3e4030,0x00000000ef600000)
  to   space 2560K, 0% used [0x00000000ef100000,0x00000000ef100000,0x00000000ef380000)
 ParOldGen       total 44032K, used 24K [0x00000000c1200000, 0x00000000c3d00000, 0x00000000eb100000)
  object space 44032K, 0% used [0x00000000c1200000,0x00000000c1206000,0x00000000c3d00000)
 Metaspace       used 2647K, capacity 4562K, committed 4864K, reserved 1056768K
  class space    used 287K, capacity 386K, committed 512K, reserved 1048576K
Event: 0.344 GC heap after
Heap after GC invocations=5 (full 0):
 PSYoungGen      total 68096K, used 448K [0x00000000eb100000, 0x00000000f3200000, 0x0000000100000000)
  eden space 65536K, 0% used [0x00000000eb100000,0x00000000eb100000,0x00000000ef100000)
  from space 2560K, 17% used [0x00000000ef100000,0x00000000ef170020,0x00000000ef380000)
  to   space 512K, 0% used [0x00000000f3180000,0x00000000f3180000,0x00000000f3200000)
 ParOldGen       total 44032K, used 24K [0x00000000c1200000, 0x00000000c3d00000, 0x00000000eb100000)
  object space 44032K, 0% used [0x00000000c1200000,0x00000000c1206000,0x00000000c3d00000)
 Metaspace       used 2647K, capacity 4562K, committed 4864K, reserved 1056768K
  class space    used 287K, capacity 386K, committed 512K, reserved 1048576K
}
Event: 0.432 GC heap before
{Heap before GC invocations=6 (full 0):
 PSYoungGen      total 68096K, used 65984K [0x00000000eb100000, 0x00000000f3200000, 0x0000000100000000)
  eden space 65536K, 100% used [0x00000000eb100000,0x00000000ef100000,0x00000000ef100000)
  from space 2560K, 17% used [0x00000000ef100000,0x00000000ef170020,0x00000000ef380000)
  to   space 512K, 0% used [0x00000000f3180000,0x00000000f3180000,0x00000000f3200000)
 ParOldGen       total 44032K, used 24K [0x00000000c1200000, 0x00000000c3d00000, 0x00000000eb100000)
  object space 44032K, 0% used [0x00000000c1200000,0x00000000c1206000,0x00000000c3d00000)
 Metaspace       used 3163K, capacity 4728K, committed 4864K, reserved 1056768K
  class space    used 338K, capacity 424K, committed 512K, reserved 1048576K
Event: 0.433 GC heap after
Heap after GC invocations=6 (full 0):
 PSYoungGen      total 131072K, used 512K [0x00000000eb100000, 0x00000000f3300000, 0x0000000100000000)
  eden space 130560K, 0% used [0x00000000eb100000,0x00000000eb100000,0x00000000f3080000)
  from space 512K, 100% used [0x00000000f3180000,0x00000000f3200000,0x00000000f3200000)
  to   space 1024K, 0% used [0x00000000f3080000,0x00000000f3080000,0x00000000f3180000)
 ParOldGen       total 44032K, used 206K [0x00000000c1200000, 0x00000000c3d00000, 0x00000000eb100000)
  object space 44032K, 0% used [0x00000000c1200000,0x00000000c1233bf0,0x00000000c3d00000)
 Metaspace       used 3163K, capacity 4728K, committed 4864K, reserved 1056768K
  class space    used 338K, capacity 424K, committed 512K, reserved 1048576K
}

Deoptimization events (10 events):
Event: 0.162 Thread 0x0000000003053800 Uncommon trap: reason=array_check action=maybe_recompile pc=0x00000000032848e0 method=java.util.AbstractCollection.toArray([Ljava/lang/Object;)[Ljava/lang/Object; @ 119
Event: 0.162 Thread 0x0000000003053800 Uncommon trap: reason=array_check action=maybe_recompile pc=0x00000000032848e0 method=java.util.AbstractCollection.toArray([Ljava/lang/Object;)[Ljava/lang/Object; @ 119
Event: 0.162 Thread 0x0000000003053800 Uncommon trap: reason=array_check action=maybe_recompile pc=0x00000000032848e0 method=java.util.AbstractCollection.toArray([Ljava/lang/Object;)[Ljava/lang/Object; @ 119
Event: 0.162 Thread 0x0000000003053800 Uncommon trap: reason=array_check action=maybe_recompile pc=0x00000000032848e0 method=java.util.AbstractCollection.toArray([Ljava/lang/Object;)[Ljava/lang/Object; @ 119
Event: 0.375 Thread 0x0000000003053800 Uncommon trap: reason=unstable_if action=reinterpret pc=0x000000000328ed74 method=java.io.BufferedReader.readLine(Z)Ljava/lang/String; @ 55
Event: 0.375 Thread 0x0000000003053800 Uncommon trap: reason=unstable_if action=reinterpret pc=0x00000000032c9abc method=c2g2.engine.graph.OBJLoader.loadMesh_2(Ljava/lang/String;)Lc2g2/engine/graph/Mesh; @ 339
Event: 0.384 Thread 0x0000000003053800 Uncommon trap: reason=unstable_if action=reinterpret pc=0x0000000003290320 method=java.util.ArrayList.grow(I)V @ 15
Event: 0.401 Thread 0x0000000003053800 Uncommon trap: reason=unstable_if action=reinterpret pc=0x00000000032d74b4 method=java.lang.Math.max(II)I @ 2
Event: 0.442 Thread 0x0000000003053800 Uncommon trap: reason=unstable_if action=reinterpret pc=0x000000000327c840 method=java.util.Arrays.copyOf([Ljava/lang/Object;ILjava/lang/Class;)[Ljava/lang/Object; @ 3
Event: 0.503 Thread 0x0000000003053800 Uncommon trap: reason=class_check action=maybe_recompile pc=0x0000000003293db8 method=java.util.AbstractCollection.toArray([Ljava/lang/Object;)[Ljava/lang/Object; @ 1

Internal exceptions (10 events):
Event: 0.445 Thread 0x0000000003053800 Exception <a 'java/security/PrivilegedActionException'> (0x00000000eb145c38) thrown at [C:\re\workspace\8-2-build-windows-amd64-cygwin\jdk8u121\8372\hotspot\src\share\vm\prims\jvm.cpp, line 1390]
Event: 0.445 Thread 0x0000000003053800 Exception <a 'java/security/PrivilegedActionException'> (0x00000000eb145e48) thrown at [C:\re\workspace\8-2-build-windows-amd64-cygwin\jdk8u121\8372\hotspot\src\share\vm\prims\jvm.cpp, line 1390]
Event: 0.498 Thread 0x0000000003053800 Exception <a 'java/lang/NoSuchFieldError': method resolution failed> (0x00000000eb2296d0) thrown at [C:\re\workspace\8-2-build-windows-amd64-cygwin\jdk8u121\8372\hotspot\src\share\vm\prims\methodHandles.cpp, line 1146]
Event: 0.501 Thread 0x0000000003053800 Exception <a 'java/lang/NoSuchFieldError': method resolution failed> (0x00000000eb236dc0) thrown at [C:\re\workspace\8-2-build-windows-amd64-cygwin\jdk8u121\8372\hotspot\src\share\vm\prims\methodHandles.cpp, line 1146]
Event: 0.631 Thread 0x0000000003053800 Exception <a 'sun/nio/fs/WindowsException'> (0x00000000eb34e9f8) thrown at [C:\re\workspace\8-2-build-windows-amd64-cygwin\jdk8u121\8372\hotspot\src\share\vm\prims\jni.cpp, line 709]
Event: 0.632 Thread 0x0000000003053800 Exception <a 'sun/nio/fs/WindowsException'> (0x00000000eb34f1e0) thrown at [C:\re\workspace\8-2-build-windows-amd64-cygwin\jdk8u121\8372\hotspot\src\share\vm\prims\jni.cpp, line 709]
Event: 0.633 Thread 0x0000000003053800 Exception <a 'sun/nio/fs/WindowsException'> (0x00000000eb351b58) thrown at [C:\re\workspace\8-2-build-windows-amd64-cygwin\jdk8u121\8372\hotspot\src\share\vm\prims\jni.cpp, line 709]
Event: 0.633 Thread 0x0000000003053800 Exception <a 'sun/nio/fs/WindowsException'> (0x00000000eb352080) thrown at [C:\re\workspace\8-2-build-windows-amd64-cygwin\jdk8u121\8372\hotspot\src\share\vm\prims\jni.cpp, line 709]
Event: 0.633 Thread 0x0000000003053800 Exception <a 'sun/nio/fs/WindowsException'> (0x00000000eb352a58) thrown at [C:\re\workspace\8-2-build-windows-amd64-cygwin\jdk8u121\8372\hotspot\src\share\vm\prims\jni.cpp, line 709]
Event: 0.633 Thread 0x0000000003053800 Exception <a 'sun/nio/fs/WindowsException'> (0x00000000eb352ee8) thrown at [C:\re\workspace\8-2-build-windows-amd64-cygwin\jdk8u121\8372\hotspot\src\share\vm\prims\jni.cpp, line 709]

Events (10 events):
Event: 0.645 loading class sun/reflect/UnsafeQualifiedStaticFieldAccessorImpl done
Event: 0.645 loading class sun/reflect/UnsafeQualifiedStaticObjectFieldAccessorImpl done
Event: 0.646 loading class org/lwjgl/system/windows/WinBase
Event: 0.646 loading class org/lwjgl/system/windows/WinBase done
Event: 0.649 loading class org/lwjgl/opengl/GL$1
Event: 0.649 loading class org/lwjgl/opengl/GL$1 done
Event: 0.649 loading class org/lwjgl/opengl/GL$SharedLibraryGL
Event: 0.649 loading class org/lwjgl/opengl/GL$SharedLibraryGL done
Event: 0.650 loading class org/lwjgl/system/SharedLibrary$Delegate
Event: 0.650 loading class org/lwjgl/system/SharedLibrary$Delegate done


Dynamic libraries:
0x00007ff7bf4f0000 - 0x00007ff7bf527000 	C:\Program Files\Java\jre1.8.0_121\bin\javaw.exe
0x00007ff9732e0000 - 0x00007ff9734b1000 	C:\WINDOWS\SYSTEM32\ntdll.dll
0x00007ff970d40000 - 0x00007ff970deb000 	C:\WINDOWS\System32\KERNEL32.DLL
0x00007ff96fb00000 - 0x00007ff96fd1d000 	C:\WINDOWS\System32\KERNELBASE.dll
0x00007ff973230000 - 0x00007ff9732d2000 	C:\WINDOWS\System32\ADVAPI32.dll
0x00007ff971120000 - 0x00007ff9711be000 	C:\WINDOWS\System32\msvcrt.dll
0x00007ff970ca0000 - 0x00007ff970cf9000 	C:\WINDOWS\System32\sechost.dll
0x00007ff9730d0000 - 0x00007ff9731f1000 	C:\WINDOWS\System32\RPCRT4.dll
0x00007ff9709c0000 - 0x00007ff970b25000 	C:\WINDOWS\System32\USER32.dll
0x00007ff96fd20000 - 0x00007ff96fd3e000 	C:\WINDOWS\System32\win32u.dll
0x00007ff970d00000 - 0x00007ff970d34000 	C:\WINDOWS\System32\GDI32.dll
0x00007ff96f970000 - 0x00007ff96faf2000 	C:\WINDOWS\System32\gdi32full.dll
0x00007ff95b030000 - 0x00007ff95b2a9000 	C:\WINDOWS\WinSxS\amd64_microsoft.windows.common-controls_6595b64144ccf1df_6.0.14393.447_none_42191651c6827bb3\COMCTL32.dll
0x00007ff9716f0000 - 0x00007ff9719b8000 	C:\WINDOWS\System32\combase.dll
0x00007ff96f7d0000 - 0x00007ff96f8c5000 	C:\WINDOWS\System32\ucrtbase.dll
0x00007ff970420000 - 0x00007ff97048a000 	C:\WINDOWS\System32\bcryptPrimitives.dll
0x00007ff973200000 - 0x00007ff97322e000 	C:\WINDOWS\System32\IMM32.DLL
0x000000005d740000 - 0x000000005d812000 	C:\Program Files\Java\jre1.8.0_121\bin\msvcr100.dll
0x000000005da10000 - 0x000000005e2ab000 	C:\Program Files\Java\jre1.8.0_121\bin\server\jvm.dll
0x00007ff9716e0000 - 0x00007ff9716e8000 	C:\WINDOWS\System32\PSAPI.DLL
0x00007ff9585b0000 - 0x00007ff9585b9000 	C:\WINDOWS\SYSTEM32\WSOCK32.dll
0x00007ff9710b0000 - 0x00007ff97111a000 	C:\WINDOWS\System32\WS2_32.dll
0x00007ff96da00000 - 0x00007ff96da23000 	C:\WINDOWS\SYSTEM32\WINMM.dll
0x00007ff966830000 - 0x00007ff96683a000 	C:\WINDOWS\SYSTEM32\VERSION.dll
0x00007ff96d9d0000 - 0x00007ff96d9fb000 	C:\WINDOWS\SYSTEM32\WINMMBASE.dll
0x00007ff970820000 - 0x00007ff970862000 	C:\WINDOWS\System32\cfgmgr32.dll
0x000000005d920000 - 0x000000005d92f000 	C:\Program Files\Java\jre1.8.0_121\bin\verify.dll
0x000000005d8f0000 - 0x000000005d919000 	C:\Program Files\Java\jre1.8.0_121\bin\java.dll
0x000000005d8d0000 - 0x000000005d8e6000 	C:\Program Files\Java\jre1.8.0_121\bin\zip.dll
0x00007ff971b60000 - 0x00007ff973069000 	C:\WINDOWS\System32\SHELL32.dll
0x00007ff96fd40000 - 0x00007ff97041a000 	C:\WINDOWS\System32\windows.storage.dll
0x00007ff96f770000 - 0x00007ff96f7bc000 	C:\WINDOWS\System32\powrprof.dll
0x00007ff971680000 - 0x00007ff9716d2000 	C:\WINDOWS\System32\shlwapi.dll
0x00007ff96f7c0000 - 0x00007ff96f7cf000 	C:\WINDOWS\System32\kernel.appcore.dll
0x00007ff970490000 - 0x00007ff970539000 	C:\WINDOWS\System32\shcore.dll
0x00007ff96f740000 - 0x00007ff96f754000 	C:\WINDOWS\System32\profapi.dll
0x000000005d8b0000 - 0x000000005d8ca000 	C:\Program Files\Java\jre1.8.0_121\bin\net.dll
0x00007ff96f070000 - 0x00007ff96f0cc000 	C:\WINDOWS\system32\mswsock.dll
0x000000005d890000 - 0x000000005d8a1000 	C:\Program Files\Java\jre1.8.0_121\bin\nio.dll
0x00007ff95cbc0000 - 0x00007ff95cc17000 	C:\Users\xz258\AppData\Local\Temp\lwjglxz258\3.1.1-build-16\lwjgl.dll
0x00007ff96f230000 - 0x00007ff96f23b000 	C:\WINDOWS\SYSTEM32\CRYPTBASE.DLL
0x00007ff94fbd0000 - 0x00007ff94fc2f000 	C:\Users\xz258\AppData\Local\Temp\lwjglxz258\3.1.1-build-16\lwjgl_opengl.dll
0x00007ff93cb10000 - 0x00007ff93cc33000 	C:\WINDOWS\system32\opengl32.dll
0x00007ff964d60000 - 0x00007ff964d8d000 	C:\WINDOWS\SYSTEM32\GLU32.dll
0x00007ff939870000 - 0x00007ff939967000 	C:\WINDOWS\SYSTEM32\DDRAW.dll
0x00007ff96d990000 - 0x00007ff96d998000 	C:\WINDOWS\SYSTEM32\DCIMAN32.dll
0x00007ff9626a0000 - 0x00007ff962832000 	C:\WINDOWS\SYSTEM32\dbghelp.dll

VM Arguments:
jvm_args: -Dfile.encoding=Cp1252 
java_command: c2g2.engine.graph.OBJLoader
java_class_path (initial): C:\Users\xz258\OneDrive\academic\spring2017\Computer Graphics\hw\project 1\graphics_hw1\hw1\bin;C:\Users\xz258\OneDrive\academic\spring2017\Computer Graphics\hw\project_1_source_code\pa1_release\lib\joml-1.9.2.jar;C:\Users\xz258\OneDrive\academic\spring2017\Computer Graphics\hw\project_1_source_code\pa1_release\lib\pngj-2.1.1.jar;C:\Users\xz258\Documents\graphics\jars\lwjgl.jar;C:\Users\xz258\Documents\graphics\jars\lwjgl-assimp.jar;C:\Users\xz258\Documents\graphics\jars\lwjgl-assimp-javadoc.jar;C:\Users\xz258\Documents\graphics\jars\lwjgl-assimp-natives-windows.jar;C:\Users\xz258\Documents\graphics\jars\lwjgl-assimp-sources.jar;C:\Users\xz258\Documents\graphics\jars\lwjgl-bgfx.jar;C:\Users\xz258\Documents\graphics\jars\lwjgl-bgfx-javadoc.jar;C:\Users\xz258\Documents\graphics\jars\lwjgl-bgfx-natives-windows.jar;C:\Users\xz258\Documents\graphics\jars\lwjgl-bgfx-sources.jar;C:\Users\xz258\Documents\graphics\jars\lwjgl-egl.jar;C:\Users\xz258\Documents\graphics\jars\lwjgl-egl-javadoc.jar;C:\Users\xz258\Documents\graphics\jars\lwjgl-egl-sources.jar;C:\Users\xz258\Documents\graphics\jars\lwjgl-glfw.jar;C:\Users\xz258\Documents\graphics\jars\lwjgl-glfw-javadoc.jar;C:\Users\xz258\Documents\graphics\jars\lwjgl-glfw-natives-windows.jar;C:\Users\xz258\Documents\graphics\jars\lwjgl-glfw-sources.jar;C:\Users\xz258\Documents\graphics\jars\lwjgl-javadoc.jar;C:\Users\xz258\Documents\graphics\jars\lwjgl-jawt.jar;C:\Users\xz258\Documents\graphics\jars\lwjgl-jawt-javadoc.jar;C:\Users\xz258\Documents\graphics\jars\lwjgl-jawt-sources.jar;C:\Users\xz258\Documents\graphics\jars\lwjgl-jemalloc.jar;C:\Users\xz258\Documents\graphics\jars\lwjgl-jemalloc-javadoc.jar;C:\Users\xz258\Documents\graphics\jars\lwjgl-jemalloc-natives-windows.jar;C:\Users\xz258\Documents\graphics\jars\lwjgl-jemalloc-sources.jar;C:\Users\xz258\Documents\graphics\jars\lwjgl-lmdb.jar;C:\Users\xz258\Documents\graphics\jars\lwjgl-lmdb-javadoc.jar;C:\Users\xz258\Documents\graphics\jars\lwjgl-lmd
Launcher Type: SUN_STANDARD

Environment Variables:
PATH=C:/Program Files/Java/jre1.8.0_121/bin/server;C:/Program Files/Java/jre1.8.0_121/bin;C:/Program Files/Java/jre1.8.0_121/lib/amd64;C:\ProgramData\Oracle\Java\javapath;c:\Program Files\Java\jdk1.8.0_101\bin;C:\WINDOWS\system32;C:\WINDOWS;C:\WINDOWS\System32\Wbem;C:\WINDOWS\System32\WindowsPowerShell\v1.0\;C:\Program Files (x86)\MiKTeX 2.9\miktex\bin\;C:\Program Files (x86)\Skype\Phone\;C:\Program Files (x86)\PharosSystems\Core;C:\Program Files (x86)\GtkSharp\2.12\bin;C:\WINDOWS\system32\config\systemprofile\.dnx\bin;C:\Program Files\Microsoft DNX\Dnvm\;C:\Program Files\Microsoft SQL Server\130\Tools\Binn\;C:\Program Files (x86)\Windows Kits\8.1\Windows Performance Toolkit\;C:\ProgramData\Oracle\Java\javapath;c:\Program Files\Java\jdk1.8.0_101\bin;C:\WINDOWS\system32;C:\WINDOWS;C:\WINDOWS\System32\Wbem;C:\WINDOWS\System32\WindowsPowerShell\v1.0\;C:\Program Files (x86)\MiKTeX 2.9\miktex\bin\;C:\Program Files (x86)\Skype\Phone\;C:\Program Files (x86)\PharosSystems\Core;C:\Program Files (x86)\GtkSharp\2.12\bin;C:\WINDOWS\system32\config\systemprofile\.dnx\bin;C:\Program Files\Microsoft DNX\Dnvm\;C:\Program Files\Microsoft SQL Server\130\Tools\Binn\;C:\Program Files (x86)\Windows Kits\8.1\Windows Performance Toolkit\;C:\Users\xz258\AppData\Local\Microsoft\WindowsApps;;C:\Python27\Scripts;C:\Users\xz258\Desktop;
USERNAME=xz258
OS=Windows_NT
PROCESSOR_IDENTIFIER=Intel64 Family 6 Model 78 Stepping 3, GenuineIntel



---------------  S Y S T E M  ---------------

OS: Windows 10.0 , 64 bit Build 14393 (10.0.14393.0)

CPU:total 4 (2 cores per cpu, 2 threads per core) family 6 model 78 stepping 3, cmov, cx8, fxsr, mmx, sse, sse2, sse3, ssse3, sse4.1, sse4.2, popcnt, avx, avx2, aes, clmul, erms, rtm, 3dnowpref, lzcnt, ht, tsc, tscinvbit, bmi1, bmi2, adx

Memory: 4k page, physical 4118656k(703076k free), swap 9623680k(2453556k free)

vm_info: Java HotSpot(TM) 64-Bit Server VM (25.121-b13) for windows-amd64 JRE (1.8.0_121-b13), built on Dec 12 2016 18:21:36 by "java_re" with MS VC++ 10.0 (VS2010)

time: Sat Feb 18 17:25:36 2017
elapsed time: 0 seconds (0d 0h 0m 0s)

